15:04:45.528 [Worker-14] INFO  o.a.AndroidAnnotationProcessor:84 - Initialize AndroidAnnotations 3.1 with options {phase=BUILD}
15:04:45.529 [Worker-14] INFO  o.a.AndroidAnnotationProcessor:108 - Start processing for 6 annotations on 77 elements
15:04:45.553 [Worker-14] DEBUG o.a.h.AndroidManifestFinder:137 - AndroidManifest.xml file found in parent folder G:\android_project\SoftwareYard: G:\android_project\SoftwareYard\AndroidManifest.xml
15:04:45.556 [Worker-14] INFO  o.a.AndroidAnnotationProcessor:171 - AndroidManifest.xml found: AndroidManifest [applicationPackage=com.chillax.softwareyard, componentQualifiedNames=[com.chillax.softwareyard.activity.Welcome_, com.chillax.softwareyard.activity.NewsDetail_, com.chillax.softwareyard.activity.MainActivity_, com.chillax.softwareyard.activity.DownLoadCenter_, com.chillax.softwareyard.activity.LoginActivity_, com.chillax.softwareyard.activity.StoreCenter_, com.chillax.softwareyard.activity.WebViewShower_], permissionQualifiedNames=[android.permission.INTERNET, android.permission.WRITE_EXTERNAL_STORAGE, android.permission.READ_EXTERNAL_STORAGE, android.permission.ACCESS_NETWORK_STATE, android.permission.ACCESS_WIFI_STATE, android.permission.READ_PHONE_STATE, android.permission.READ_LOGS], applicationClassName=com.chillax.softwareyard.App, libraryProject=false, debugabble=false, minSdkVersion=13, maxSdkVersion=-1, targetSdkVersion=21]
15:04:45.559 [Worker-14] ERROR o.a.r.ProjectRClassFinder:46 - The generated com.chillax.softwareyard.R class cannot be found
15:04:45.560 [Worker-14] INFO  o.a.r.AndroidRClassFinder:44 - Found Android class: android.R
15:04:45.565 [Worker-14] INFO  o.a.p.TimeStats:81 - Time measurements: [Whole Processing = 36 ms], [Extract Annotations = 23 ms], [Extract Manifest = 3 ms], 
15:04:45.566 [Worker-14] INFO  o.a.AndroidAnnotationProcessor:122 - Finish processing
15:07:01.420 [Worker-15] INFO  o.a.AndroidAnnotationProcessor:84 - Initialize AndroidAnnotations 3.1 with options {phase=BUILD}
15:07:01.422 [Worker-15] INFO  o.a.AndroidAnnotationProcessor:108 - Start processing for 6 annotations on 77 elements
15:07:01.445 [Worker-15] DEBUG o.a.h.AndroidManifestFinder:137 - AndroidManifest.xml file found in parent folder G:\android_project\SoftwareYard: G:\android_project\SoftwareYard\AndroidManifest.xml
15:07:01.447 [Worker-15] INFO  o.a.AndroidAnnotationProcessor:171 - AndroidManifest.xml found: AndroidManifest [applicationPackage=com.chillax.softwareyard, componentQualifiedNames=[com.chillax.softwareyard.activity.Welcome_, com.chillax.softwareyard.activity.NewsDetail_, com.chillax.softwareyard.activity.MainActivity_, com.chillax.softwareyard.activity.DownLoadCenter_, com.chillax.softwareyard.activity.LoginActivity_, com.chillax.softwareyard.activity.StoreCenter_, com.chillax.softwareyard.activity.WebViewShower_], permissionQualifiedNames=[android.permission.INTERNET, android.permission.WRITE_EXTERNAL_STORAGE, android.permission.READ_EXTERNAL_STORAGE, android.permission.ACCESS_NETWORK_STATE, android.permission.ACCESS_WIFI_STATE, android.permission.READ_PHONE_STATE, android.permission.READ_LOGS], applicationClassName=com.chillax.softwareyard.App, libraryProject=false, debugabble=false, minSdkVersion=13, maxSdkVersion=-1, targetSdkVersion=21]
15:07:01.448 [Worker-15] ERROR o.a.r.ProjectRClassFinder:46 - The generated com.chillax.softwareyard.R class cannot be found
15:07:01.448 [Worker-15] INFO  o.a.r.AndroidRClassFinder:44 - Found Android class: android.R
15:07:01.452 [Worker-15] INFO  o.a.p.TimeStats:81 - Time measurements: [Whole Processing = 30 ms], [Extract Annotations = 22 ms], [Extract Manifest = 2 ms], 
15:07:01.453 [Worker-15] INFO  o.a.AndroidAnnotationProcessor:122 - Finish processing
15:07:32.395 [Worker-16] INFO  o.a.AndroidAnnotationProcessor:84 - Initialize AndroidAnnotations 3.1 with options {phase=BUILD}
15:07:32.397 [Worker-16] INFO  o.a.AndroidAnnotationProcessor:108 - Start processing for 6 annotations on 77 elements
15:07:32.422 [Worker-16] DEBUG o.a.h.AndroidManifestFinder:137 - AndroidManifest.xml file found in parent folder G:\android_project\SoftwareYard: G:\android_project\SoftwareYard\AndroidManifest.xml
15:07:32.424 [Worker-16] INFO  o.a.AndroidAnnotationProcessor:171 - AndroidManifest.xml found: AndroidManifest [applicationPackage=com.chillax.softwareyard, componentQualifiedNames=[com.chillax.softwareyard.activity.Welcome_, com.chillax.softwareyard.activity.NewsDetail_, com.chillax.softwareyard.activity.MainActivity_, com.chillax.softwareyard.activity.DownLoadCenter_, com.chillax.softwareyard.activity.LoginActivity_, com.chillax.softwareyard.activity.StoreCenter_, com.chillax.softwareyard.activity.WebViewShower_], permissionQualifiedNames=[android.permission.INTERNET, android.permission.WRITE_EXTERNAL_STORAGE, android.permission.READ_EXTERNAL_STORAGE, android.permission.ACCESS_NETWORK_STATE, android.permission.ACCESS_WIFI_STATE, android.permission.READ_PHONE_STATE, android.permission.READ_LOGS], applicationClassName=com.chillax.softwareyard.App, libraryProject=false, debugabble=false, minSdkVersion=13, maxSdkVersion=-1, targetSdkVersion=21]
15:07:32.425 [Worker-16] ERROR o.a.r.ProjectRClassFinder:46 - The generated com.chillax.softwareyard.R class cannot be found
15:07:32.426 [Worker-16] INFO  o.a.r.AndroidRClassFinder:44 - Found Android class: android.R
15:07:32.430 [Worker-16] INFO  o.a.p.TimeStats:81 - Time measurements: [Whole Processing = 33 ms], [Extract Annotations = 25 ms], [Extract Manifest = 2 ms], 
15:07:32.432 [Worker-16] INFO  o.a.AndroidAnnotationProcessor:122 - Finish processing
15:07:44.6 [Worker-7] INFO  o.a.AndroidAnnotationProcessor:84 - Initialize AndroidAnnotations 3.1 with options {phase=BUILD}
15:07:44.8 [Worker-7] INFO  o.a.AndroidAnnotationProcessor:108 - Start processing for 6 annotations on 77 elements
15:07:44.28 [Worker-7] DEBUG o.a.h.AndroidManifestFinder:137 - AndroidManifest.xml file found in parent folder G:\android_project\SoftwareYard: G:\android_project\SoftwareYard\AndroidManifest.xml
15:07:44.29 [Worker-7] INFO  o.a.AndroidAnnotationProcessor:171 - AndroidManifest.xml found: AndroidManifest [applicationPackage=com.chillax.softwareyard, componentQualifiedNames=[com.chillax.softwareyard.activity.Welcome_, com.chillax.softwareyard.activity.NewsDetail_, com.chillax.softwareyard.activity.MainActivity_, com.chillax.softwareyard.activity.DownLoadCenter_, com.chillax.softwareyard.activity.LoginActivity_, com.chillax.softwareyard.activity.StoreCenter_, com.chillax.softwareyard.activity.WebViewShower_], permissionQualifiedNames=[android.permission.INTERNET, android.permission.WRITE_EXTERNAL_STORAGE, android.permission.READ_EXTERNAL_STORAGE, android.permission.ACCESS_NETWORK_STATE, android.permission.ACCESS_WIFI_STATE, android.permission.READ_PHONE_STATE, android.permission.READ_LOGS], applicationClassName=com.chillax.softwareyard.App, libraryProject=false, debugabble=false, minSdkVersion=13, maxSdkVersion=-1, targetSdkVersion=21]
15:07:44.30 [Worker-7] ERROR o.a.r.ProjectRClassFinder:46 - The generated com.chillax.softwareyard.R class cannot be found
15:07:44.31 [Worker-7] INFO  o.a.r.AndroidRClassFinder:44 - Found Android class: android.R
15:07:44.36 [Worker-7] INFO  o.a.p.TimeStats:81 - Time measurements: [Whole Processing = 28 ms], [Extract Annotations = 19 ms], [Extract Manifest = 1 ms], 
15:07:44.37 [Worker-7] INFO  o.a.AndroidAnnotationProcessor:122 - Finish processing
15:07:57.359 [Worker-12] INFO  o.a.AndroidAnnotationProcessor:84 - Initialize AndroidAnnotations 3.1 with options {phase=BUILD}
15:07:57.360 [Worker-12] INFO  o.a.AndroidAnnotationProcessor:108 - Start processing for 6 annotations on 77 elements
15:07:57.378 [Worker-12] DEBUG o.a.h.AndroidManifestFinder:137 - AndroidManifest.xml file found in parent folder G:\android_project\SoftwareYard: G:\android_project\SoftwareYard\AndroidManifest.xml
15:07:57.380 [Worker-12] INFO  o.a.AndroidAnnotationProcessor:171 - AndroidManifest.xml found: AndroidManifest [applicationPackage=com.chillax.softwareyard, componentQualifiedNames=[com.chillax.softwareyard.activity.Welcome_, com.chillax.softwareyard.activity.NewsDetail_, com.chillax.softwareyard.activity.MainActivity_, com.chillax.softwareyard.activity.DownLoadCenter_, com.chillax.softwareyard.activity.LoginActivity_, com.chillax.softwareyard.activity.StoreCenter_, com.chillax.softwareyard.activity.WebViewShower_], permissionQualifiedNames=[android.permission.INTERNET, android.permission.WRITE_EXTERNAL_STORAGE, android.permission.READ_EXTERNAL_STORAGE, android.permission.ACCESS_NETWORK_STATE, android.permission.ACCESS_WIFI_STATE, android.permission.READ_PHONE_STATE, android.permission.READ_LOGS], applicationClassName=com.chillax.softwareyard.App, libraryProject=false, debugabble=false, minSdkVersion=13, maxSdkVersion=-1, targetSdkVersion=21]
15:07:57.381 [Worker-12] ERROR o.a.r.ProjectRClassFinder:46 - The generated com.chillax.softwareyard.R class cannot be found
15:07:57.382 [Worker-12] INFO  o.a.r.AndroidRClassFinder:44 - Found Android class: android.R
15:07:57.386 [Worker-12] INFO  o.a.p.TimeStats:81 - Time measurements: [Whole Processing = 26 ms], [Extract Annotations = 16 ms], [Extract Manifest = 3 ms], 
15:07:57.386 [Worker-12] INFO  o.a.AndroidAnnotationProcessor:122 - Finish processing
15:08:07.152 [Worker-16] INFO  o.a.AndroidAnnotationProcessor:84 - Initialize AndroidAnnotations 3.1 with options {phase=BUILD}
15:08:07.154 [Worker-16] INFO  o.a.AndroidAnnotationProcessor:108 - Start processing for 6 annotations on 77 elements
15:08:07.175 [Worker-16] DEBUG o.a.h.AndroidManifestFinder:137 - AndroidManifest.xml file found in parent folder G:\android_project\SoftwareYard: G:\android_project\SoftwareYard\AndroidManifest.xml
15:08:07.177 [Worker-16] INFO  o.a.AndroidAnnotationProcessor:171 - AndroidManifest.xml found: AndroidManifest [applicationPackage=com.chillax.softwareyard, componentQualifiedNames=[com.chillax.softwareyard.activity.Welcome_, com.chillax.softwareyard.activity.NewsDetail_, com.chillax.softwareyard.activity.MainActivity_, com.chillax.softwareyard.activity.DownLoadCenter_, com.chillax.softwareyard.activity.LoginActivity_, com.chillax.softwareyard.activity.StoreCenter_, com.chillax.softwareyard.activity.WebViewShower_], permissionQualifiedNames=[android.permission.INTERNET, android.permission.WRITE_EXTERNAL_STORAGE, android.permission.READ_EXTERNAL_STORAGE, android.permission.ACCESS_NETWORK_STATE, android.permission.ACCESS_WIFI_STATE, android.permission.READ_PHONE_STATE, android.permission.READ_LOGS], applicationClassName=com.chillax.softwareyard.App, libraryProject=false, debugabble=false, minSdkVersion=13, maxSdkVersion=-1, targetSdkVersion=21]
15:08:07.178 [Worker-16] ERROR o.a.r.ProjectRClassFinder:46 - The generated com.chillax.softwareyard.R class cannot be found
15:08:07.178 [Worker-16] INFO  o.a.r.AndroidRClassFinder:44 - Found Android class: android.R
15:08:07.183 [Worker-16] INFO  o.a.p.TimeStats:81 - Time measurements: [Whole Processing = 29 ms], [Extract Annotations = 20 ms], [Extract Manifest = 2 ms], 
15:08:07.183 [Worker-16] INFO  o.a.AndroidAnnotationProcessor:122 - Finish processing
15:08:46.703 [Worker-15] INFO  o.a.AndroidAnnotationProcessor:84 - Initialize AndroidAnnotations 3.1 with options {phase=BUILD}
15:08:46.704 [Worker-15] INFO  o.a.AndroidAnnotationProcessor:108 - Start processing for 6 annotations on 78 elements
15:08:46.719 [Worker-15] DEBUG o.a.h.AndroidManifestFinder:137 - AndroidManifest.xml file found in parent folder G:\android_project\SoftwareYard: G:\android_project\SoftwareYard\AndroidManifest.xml
15:08:46.720 [Worker-15] INFO  o.a.AndroidAnnotationProcessor:171 - AndroidManifest.xml found: AndroidManifest [applicationPackage=com.chillax.softwareyard, componentQualifiedNames=[com.chillax.softwareyard.activity.Welcome_, com.chillax.softwareyard.activity.NewsDetail_, com.chillax.softwareyard.activity.MainActivity_, com.chillax.softwareyard.activity.DownLoadCenter_, com.chillax.softwareyard.activity.LoginActivity_, com.chillax.softwareyard.activity.StoreCenter_, com.chillax.softwareyard.activity.WebViewShower_], permissionQualifiedNames=[android.permission.INTERNET, android.permission.WRITE_EXTERNAL_STORAGE, android.permission.READ_EXTERNAL_STORAGE, android.permission.ACCESS_NETWORK_STATE, android.permission.ACCESS_WIFI_STATE, android.permission.READ_PHONE_STATE, android.permission.READ_LOGS], applicationClassName=com.chillax.softwareyard.App, libraryProject=false, debugabble=false, minSdkVersion=13, maxSdkVersion=-1, targetSdkVersion=21]
15:08:46.721 [Worker-15] INFO  o.a.r.ProjectRClassFinder:50 - Found project R class: com.chillax.softwareyard.R
15:08:46.723 [Worker-15] INFO  o.a.r.AndroidRClassFinder:44 - Found Android class: android.R
15:08:46.779 [Worker-15] INFO  o.a.p.ModelValidator:42 - Validating elements
15:08:46.779 [Worker-15] DEBUG o.a.p.ModelValidator:62 - Validating with EActivityHandler: [com.chillax.softwareyard.activity.WebViewShower, com.chillax.softwareyard.activity.LoginActivity, com.chillax.softwareyard.activity.StoreCenter, com.chillax.softwareyard.activity.Welcome, com.chillax.softwareyard.activity.MainActivity, com.chillax.softwareyard.activity.NewsDetail, com.chillax.softwareyard.activity.DownLoadCenter]
15:08:46.781 [Worker-15] DEBUG o.a.p.ModelValidator:62 - Validating with EFragmentHandler: [com.chillax.softwareyard.fragment.TableFragment, com.chillax.softwareyard.fragment.NewsFragment, com.chillax.softwareyard.fragment.SelfFragment]
15:08:46.782 [Worker-15] DEBUG o.a.p.ModelValidator:62 - Validating with EViewGroupHandler: [com.chillax.softwareyard.customview.TopBar, com.chillax.softwareyard.customview.BottomMenu]
15:08:46.783 [Worker-15] DEBUG o.a.p.ModelValidator:62 - Validating with ViewByIdHandler: [spinner, logo, mSlv, unloginTv, mPtrlv, file4, mPager, tv_table, file7, file6, more, mWebView, tv_self, topBar, file8, file9, content, file2, storeTv, tv_zhouzhi, mPgb, mTopBar, iv_self, fileTv, mBottomMenu, mIndicator, iv_table, title, userPwd, file5, userName, pgb, login, layout3, scrollView, file10, iv_zhouzhi, layout1, layout2, file1, file3, mTopBar]
15:08:46.786 [Worker-15] DEBUG o.a.p.ModelValidator:62 - Validating with ClickHandler: [public void layout1(android.view.View) , void file() , void topBar_title() , void unlogin() , public void layout3(android.view.View) , void store() , void login() , void topBar_more(android.view.View) , public void layout2(android.view.View) , void topBar_logo() ]
15:08:46.790 [Worker-15] DEBUG o.a.p.ModelValidator:62 - Validating with AfterViewsHandler: [void initView() , void initView() , void initViews() , void inits() , void inits() , void inits() , void initViews() , protected void initView() , void inits() , public void initViews() ]
15:08:46.792 [Worker-15] INFO  o.a.p.ModelProcessor:69 - Processing root elements
15:08:46.793 [Worker-15] DEBUG o.a.p.ModelProcessor:160 - Processing root elements EActivityHandler: [com.chillax.softwareyard.activity.WebViewShower, com.chillax.softwareyard.activity.LoginActivity, com.chillax.softwareyard.activity.StoreCenter, com.chillax.softwareyard.activity.Welcome, com.chillax.softwareyard.activity.MainActivity, com.chillax.softwareyard.activity.NewsDetail, com.chillax.softwareyard.activity.DownLoadCenter]
15:08:46.800 [Worker-15] DEBUG o.a.p.ModelProcessor:160 - Processing root elements EFragmentHandler: [com.chillax.softwareyard.fragment.TableFragment, com.chillax.softwareyard.fragment.NewsFragment, com.chillax.softwareyard.fragment.SelfFragment]
15:08:46.801 [Worker-15] DEBUG o.a.p.ModelProcessor:160 - Processing root elements EViewGroupHandler: [com.chillax.softwareyard.customview.TopBar, com.chillax.softwareyard.customview.BottomMenu]
15:08:46.802 [Worker-15] INFO  o.a.p.ModelProcessor:77 - Processing enclosed elements
15:08:46.806 [Worker-15] INFO  o.a.AndroidAnnotationProcessor:250 - Number of files generated by AndroidAnnotations: 12
15:08:46.807 [Worker-15] INFO  o.a.g.ApiCodeGenerator:52 - Writting following API classes in project: []
15:08:46.807 [Worker-15] DEBUG o.a.g.SourceCodewriter:55 - Generating class: com.chillax.softwareyard.activity.DownLoadCenter_
15:08:46.811 [Worker-15] DEBUG o.a.g.SourceCodewriter:55 - Generating class: com.chillax.softwareyard.activity.LoginActivity_
15:08:46.814 [Worker-15] DEBUG o.a.g.SourceCodewriter:55 - Generating class: com.chillax.softwareyard.activity.MainActivity_
15:08:46.819 [Worker-15] DEBUG o.a.g.SourceCodewriter:55 - Generating class: com.chillax.softwareyard.activity.NewsDetail_
15:08:46.822 [Worker-15] DEBUG o.a.g.SourceCodewriter:55 - Generating class: com.chillax.softwareyard.activity.StoreCenter_
15:08:46.825 [Worker-15] DEBUG o.a.g.SourceCodewriter:55 - Generating class: com.chillax.softwareyard.activity.WebViewShower_
15:08:46.830 [Worker-15] DEBUG o.a.g.SourceCodewriter:55 - Generating class: com.chillax.softwareyard.activity.Welcome_
15:08:46.834 [Worker-15] DEBUG o.a.g.SourceCodewriter:55 - Generating class: com.chillax.softwareyard.customview.BottomMenu_
15:08:46.837 [Worker-15] DEBUG o.a.g.SourceCodewriter:55 - Generating class: com.chillax.softwareyard.customview.TopBar_
15:08:46.840 [Worker-15] DEBUG o.a.g.SourceCodewriter:55 - Generating class: com.chillax.softwareyard.fragment.NewsFragment_
15:08:46.843 [Worker-15] DEBUG o.a.g.SourceCodewriter:55 - Generating class: com.chillax.softwareyard.fragment.SelfFragment_
15:08:46.846 [Worker-15] DEBUG o.a.g.SourceCodewriter:55 - Generating class: com.chillax.softwareyard.fragment.TableFragment_
15:08:46.850 [Worker-15] INFO  o.a.p.TimeStats:81 - Time measurements: [Whole Processing = 146 ms], [Find R Classes = 58 ms], [Generate Sources = 44 ms], [Process Annotations = 15 ms], [Extract Annotations = 14 ms], [Validate Annotations = 12 ms], [Extract Manifest = 1 ms], 
15:08:46.850 [Worker-15] INFO  o.a.AndroidAnnotationProcessor:122 - Finish processing
15:09:05.431 [Worker-16] INFO  o.a.AndroidAnnotationProcessor:84 - Initialize AndroidAnnotations 3.1 with options {phase=BUILD}
15:09:08.92 [Worker-21] INFO  o.a.AndroidAnnotationProcessor:84 - Initialize AndroidAnnotations 3.1 with options {phase=BUILD}
15:09:08.94 [Worker-21] INFO  o.a.AndroidAnnotationProcessor:108 - Start processing for 3 annotations on 2 elements
15:09:08.99 [Worker-21] DEBUG o.a.h.AndroidManifestFinder:137 - AndroidManifest.xml file found in parent folder G:\android_project\SoftwareYard: G:\android_project\SoftwareYard\AndroidManifest.xml
15:09:08.102 [Worker-21] INFO  o.a.AndroidAnnotationProcessor:171 - AndroidManifest.xml found: AndroidManifest [applicationPackage=com.chillax.softwareyard, componentQualifiedNames=[com.chillax.softwareyard.activity.Welcome_, com.chillax.softwareyard.activity.NewsDetail_, com.chillax.softwareyard.activity.MainActivity_, com.chillax.softwareyard.activity.DownLoadCenter_, com.chillax.softwareyard.activity.LoginActivity_, com.chillax.softwareyard.activity.StoreCenter_, com.chillax.softwareyard.activity.WebViewShower_], permissionQualifiedNames=[android.permission.INTERNET, android.permission.WRITE_EXTERNAL_STORAGE, android.permission.READ_EXTERNAL_STORAGE, android.permission.ACCESS_NETWORK_STATE, android.permission.ACCESS_WIFI_STATE, android.permission.READ_PHONE_STATE, android.permission.READ_LOGS], applicationClassName=com.chillax.softwareyard.App, libraryProject=false, debugabble=false, minSdkVersion=13, maxSdkVersion=-1, targetSdkVersion=21]
15:09:08.103 [Worker-21] INFO  o.a.r.ProjectRClassFinder:50 - Found project R class: com.chillax.softwareyard.R
15:09:08.106 [Worker-21] INFO  o.a.r.AndroidRClassFinder:44 - Found Android class: android.R
15:09:08.110 [Worker-21] INFO  o.a.p.ModelValidator:42 - Validating elements
15:09:08.111 [Worker-21] DEBUG o.a.p.ModelValidator:62 - Validating with EFragmentHandler: [com.chillax.softwareyard.fragment.NewsFragment]
15:09:08.114 [Worker-21] DEBUG o.a.p.ModelValidator:62 - Validating with ViewByIdHandler: [mPgb, mPtrlv]
15:09:08.118 [Worker-21] DEBUG o.a.p.ModelValidator:62 - Validating with AfterViewsHandler: [void inits() ]
15:09:08.119 [Worker-21] INFO  o.a.p.ModelProcessor:69 - Processing root elements
15:09:08.120 [Worker-21] DEBUG o.a.p.ModelProcessor:160 - Processing root elements EFragmentHandler: [com.chillax.softwareyard.fragment.NewsFragment]
15:09:08.121 [Worker-21] INFO  o.a.p.ModelProcessor:77 - Processing enclosed elements
15:09:08.121 [Worker-21] INFO  o.a.AndroidAnnotationProcessor:250 - Number of files generated by AndroidAnnotations: 1
15:09:08.122 [Worker-21] INFO  o.a.g.ApiCodeGenerator:52 - Writting following API classes in project: []
15:09:08.123 [Worker-21] DEBUG o.a.g.SourceCodewriter:55 - Generating class: com.chillax.softwareyard.fragment.NewsFragment_
15:09:08.131 [Worker-21] INFO  o.a.p.TimeStats:81 - Time measurements: [Whole Processing = 37 ms], [Generate Sources = 10 ms], [Validate Annotations = 9 ms], [Find R Classes = 7 ms], [Extract Annotations = 4 ms], [Extract Manifest = 3 ms], [Process Annotations = 2 ms], 
15:09:08.132 [Worker-21] INFO  o.a.AndroidAnnotationProcessor:122 - Finish processing
15:09:17.143 [Worker-13] INFO  o.a.AndroidAnnotationProcessor:84 - Initialize AndroidAnnotations 3.1 with options {phase=BUILD}
15:09:17.144 [Worker-13] INFO  o.a.AndroidAnnotationProcessor:108 - Start processing for 4 annotations on 2 elements
15:09:17.151 [Worker-13] DEBUG o.a.h.AndroidManifestFinder:137 - AndroidManifest.xml file found in parent folder G:\android_project\SoftwareYard: G:\android_project\SoftwareYard\AndroidManifest.xml
15:09:17.154 [Worker-13] INFO  o.a.AndroidAnnotationProcessor:171 - AndroidManifest.xml found: AndroidManifest [applicationPackage=com.chillax.softwareyard, componentQualifiedNames=[com.chillax.softwareyard.activity.Welcome_, com.chillax.softwareyard.activity.NewsDetail_, com.chillax.softwareyard.activity.MainActivity_, com.chillax.softwareyard.activity.DownLoadCenter_, com.chillax.softwareyard.activity.LoginActivity_, com.chillax.softwareyard.activity.StoreCenter_, com.chillax.softwareyard.activity.WebViewShower_], permissionQualifiedNames=[android.permission.INTERNET, android.permission.WRITE_EXTERNAL_STORAGE, android.permission.READ_EXTERNAL_STORAGE, android.permission.ACCESS_NETWORK_STATE, android.permission.ACCESS_WIFI_STATE, android.permission.READ_PHONE_STATE, android.permission.READ_LOGS], applicationClassName=com.chillax.softwareyard.App, libraryProject=false, debugabble=false, minSdkVersion=13, maxSdkVersion=-1, targetSdkVersion=21]
15:09:17.155 [Worker-13] INFO  o.a.r.ProjectRClassFinder:50 - Found project R class: com.chillax.softwareyard.R
15:09:17.158 [Worker-13] INFO  o.a.r.AndroidRClassFinder:44 - Found Android class: android.R
15:09:17.161 [Worker-13] INFO  o.a.p.ModelValidator:42 - Validating elements
15:09:17.162 [Worker-13] DEBUG o.a.p.ModelValidator:62 - Validating with EFragmentHandler: [com.chillax.softwareyard.fragment.SelfFragment]
15:09:17.163 [Worker-13] DEBUG o.a.p.ModelValidator:62 - Validating with ViewByIdHandler: [unloginTv, fileTv, storeTv]
15:09:17.164 [Worker-13] DEBUG o.a.p.ModelValidator:62 - Validating with ClickHandler: [void unlogin() , void store() , void file() ]
15:09:17.168 [Worker-13] DEBUG o.a.p.ModelValidator:62 - Validating with AfterViewsHandler: [void inits() ]
15:09:17.168 [Worker-13] INFO  o.a.p.ModelProcessor:69 - Processing root elements
15:09:17.169 [Worker-13] DEBUG o.a.p.ModelProcessor:160 - Processing root elements EFragmentHandler: [com.chillax.softwareyard.fragment.SelfFragment]
15:09:17.169 [Worker-13] INFO  o.a.p.ModelProcessor:77 - Processing enclosed elements
15:09:17.171 [Worker-13] INFO  o.a.AndroidAnnotationProcessor:250 - Number of files generated by AndroidAnnotations: 1
15:09:17.172 [Worker-13] INFO  o.a.g.ApiCodeGenerator:52 - Writting following API classes in project: []
15:09:17.172 [Worker-13] DEBUG o.a.g.SourceCodewriter:55 - Generating class: com.chillax.softwareyard.fragment.SelfFragment_
15:09:17.217 [Worker-13] INFO  o.a.p.TimeStats:81 - Time measurements: [Whole Processing = 73 ms], [Generate Sources = 46 ms], [Validate Annotations = 7 ms], [Extract Annotations = 6 ms], [Find R Classes = 6 ms], [Extract Manifest = 3 ms], [Process Annotations = 3 ms], 
15:09:17.217 [Worker-13] INFO  o.a.AndroidAnnotationProcessor:122 - Finish processing
15:12:42.804 [Worker-21] INFO  o.a.AndroidAnnotationProcessor:84 - Initialize AndroidAnnotations 3.1 with options {phase=BUILD}
15:12:42.806 [Worker-21] INFO  o.a.AndroidAnnotationProcessor:108 - Start processing for 6 annotations on 78 elements
15:12:42.821 [Worker-21] DEBUG o.a.h.AndroidManifestFinder:137 - AndroidManifest.xml file found in parent folder G:\android_project\SoftwareYard: G:\android_project\SoftwareYard\AndroidManifest.xml
15:12:42.822 [Worker-21] INFO  o.a.AndroidAnnotationProcessor:171 - AndroidManifest.xml found: AndroidManifest [applicationPackage=com.chillax.softwareyard, componentQualifiedNames=[com.chillax.softwareyard.activity.Welcome_, com.chillax.softwareyard.activity.NewsDetail_, com.chillax.softwareyard.activity.MainActivity_, com.chillax.softwareyard.activity.DownLoadCenter_, com.chillax.softwareyard.activity.LoginActivity_, com.chillax.softwareyard.activity.StoreCenter_, com.chillax.softwareyard.activity.WebViewShower_], permissionQualifiedNames=[android.permission.INTERNET, android.permission.WRITE_EXTERNAL_STORAGE, android.permission.READ_EXTERNAL_STORAGE, android.permission.ACCESS_NETWORK_STATE, android.permission.ACCESS_WIFI_STATE, android.permission.READ_PHONE_STATE, android.permission.READ_LOGS], applicationClassName=com.chillax.softwareyard.App, libraryProject=false, debugabble=false, minSdkVersion=13, maxSdkVersion=-1, targetSdkVersion=21]
15:12:42.823 [Worker-21] INFO  o.a.r.ProjectRClassFinder:50 - Found project R class: com.chillax.softwareyard.R
15:12:42.825 [Worker-21] INFO  o.a.r.AndroidRClassFinder:44 - Found Android class: android.R
15:12:42.829 [Worker-21] INFO  o.a.p.ModelValidator:42 - Validating elements
15:12:42.830 [Worker-21] DEBUG o.a.p.ModelValidator:62 - Validating with EActivityHandler: [com.chillax.softwareyard.activity.WebViewShower, com.chillax.softwareyard.activity.LoginActivity, com.chillax.softwareyard.activity.StoreCenter, com.chillax.softwareyard.activity.Welcome, com.chillax.softwareyard.activity.MainActivity, com.chillax.softwareyard.activity.NewsDetail, com.chillax.softwareyard.activity.DownLoadCenter]
15:12:42.831 [Worker-21] DEBUG o.a.p.ModelValidator:62 - Validating with EFragmentHandler: [com.chillax.softwareyard.fragment.TableFragment, com.chillax.softwareyard.fragment.NewsFragment, com.chillax.softwareyard.fragment.SelfFragment]
15:12:42.832 [Worker-21] DEBUG o.a.p.ModelValidator:62 - Validating with EViewGroupHandler: [com.chillax.softwareyard.customview.TopBar, com.chillax.softwareyard.customview.BottomMenu]
15:12:42.833 [Worker-21] DEBUG o.a.p.ModelValidator:62 - Validating with ViewByIdHandler: [mTopBar, userName, mPtrlv, fileTv, login, more, file10, file5, pgb, file4, spinner, file6, userPwd, scrollView, topBar, mIndicator, layout3, mWebView, storeTv, mPgb, tv_table, file7, mPager, logo, tv_self, mTopBar, layout2, content, mBottomMenu, mSlv, file8, file2, tv_zhouzhi, file1, file3, file9, unloginTv, iv_zhouzhi, iv_self, title, iv_table, layout1]
15:12:42.836 [Worker-21] DEBUG o.a.p.ModelValidator:62 - Validating with ClickHandler: [void file() , void unlogin() , public void layout1(android.view.View) , void login() , void topBar_more(android.view.View) , public void layout2(android.view.View) , void topBar_logo() , void topBar_title() , public void layout3(android.view.View) , void store() ]
15:12:42.837 [Worker-21] DEBUG o.a.p.ModelValidator:62 - Validating with AfterViewsHandler: [void inits() , void initView() , void initViews() , public void initViews() , void initViews() , void inits() , void inits() , protected void initView() , void initView() , void inits() ]
15:12:42.839 [Worker-21] INFO  o.a.p.ModelProcessor:69 - Processing root elements
15:12:42.840 [Worker-21] DEBUG o.a.p.ModelProcessor:160 - Processing root elements EActivityHandler: [com.chillax.softwareyard.activity.WebViewShower, com.chillax.softwareyard.activity.LoginActivity, com.chillax.softwareyard.activity.StoreCenter, com.chillax.softwareyard.activity.Welcome, com.chillax.softwareyard.activity.MainActivity, com.chillax.softwareyard.activity.NewsDetail, com.chillax.softwareyard.activity.DownLoadCenter]
15:12:42.846 [Worker-21] DEBUG o.a.p.ModelProcessor:160 - Processing root elements EFragmentHandler: [com.chillax.softwareyard.fragment.TableFragment, com.chillax.softwareyard.fragment.NewsFragment, com.chillax.softwareyard.fragment.SelfFragment]
15:12:42.847 [Worker-21] DEBUG o.a.p.ModelProcessor:160 - Processing root elements EViewGroupHandler: [com.chillax.softwareyard.customview.TopBar, com.chillax.softwareyard.customview.BottomMenu]
15:12:42.848 [Worker-21] INFO  o.a.p.ModelProcessor:77 - Processing enclosed elements
15:12:42.851 [Worker-21] INFO  o.a.AndroidAnnotationProcessor:250 - Number of files generated by AndroidAnnotations: 12
15:12:42.851 [Worker-21] INFO  o.a.g.ApiCodeGenerator:52 - Writting following API classes in project: []
15:12:42.852 [Worker-21] DEBUG o.a.g.SourceCodewriter:55 - Generating class: com.chillax.softwareyard.activity.DownLoadCenter_
15:12:42.854 [Worker-21] DEBUG o.a.g.SourceCodewriter:55 - Generating class: com.chillax.softwareyard.activity.LoginActivity_
15:12:42.856 [Worker-21] DEBUG o.a.g.SourceCodewriter:55 - Generating class: com.chillax.softwareyard.activity.MainActivity_
15:12:42.859 [Worker-21] DEBUG o.a.g.SourceCodewriter:55 - Generating class: com.chillax.softwareyard.activity.NewsDetail_
15:12:42.861 [Worker-21] DEBUG o.a.g.SourceCodewriter:55 - Generating class: com.chillax.softwareyard.activity.StoreCenter_
15:12:42.863 [Worker-21] DEBUG o.a.g.SourceCodewriter:55 - Generating class: com.chillax.softwareyard.activity.WebViewShower_
15:12:42.865 [Worker-21] DEBUG o.a.g.SourceCodewriter:55 - Generating class: com.chillax.softwareyard.activity.Welcome_
15:12:42.867 [Worker-21] DEBUG o.a.g.SourceCodewriter:55 - Generating class: com.chillax.softwareyard.customview.BottomMenu_
15:12:42.869 [Worker-21] DEBUG o.a.g.SourceCodewriter:55 - Generating class: com.chillax.softwareyard.customview.TopBar_
15:12:42.872 [Worker-21] DEBUG o.a.g.SourceCodewriter:55 - Generating class: com.chillax.softwareyard.fragment.NewsFragment_
15:12:42.875 [Worker-21] DEBUG o.a.g.SourceCodewriter:55 - Generating class: com.chillax.softwareyard.fragment.SelfFragment_
15:12:42.877 [Worker-21] DEBUG o.a.g.SourceCodewriter:55 - Generating class: com.chillax.softwareyard.fragment.TableFragment_
15:12:42.880 [Worker-21] INFO  o.a.p.TimeStats:81 - Time measurements: [Whole Processing = 74 ms], [Generate Sources = 29 ms], [Extract Annotations = 15 ms], [Process Annotations = 12 ms], [Validate Annotations = 10 ms], [Find R Classes = 6 ms], [Extract Manifest = 1 ms], 
15:12:42.880 [Worker-21] INFO  o.a.AndroidAnnotationProcessor:122 - Finish processing
15:12:59.668 [Worker-22] INFO  o.a.AndroidAnnotationProcessor:84 - Initialize AndroidAnnotations 3.1 with options {phase=BUILD}
15:13:09.512 [Worker-16] INFO  o.a.AndroidAnnotationProcessor:84 - Initialize AndroidAnnotations 3.1 with options {phase=BUILD}
15:13:13.381 [Worker-16] INFO  o.a.AndroidAnnotationProcessor:84 - Initialize AndroidAnnotations 3.1 with options {phase=BUILD}
15:13:16.787 [Worker-13] INFO  o.a.AndroidAnnotationProcessor:84 - Initialize AndroidAnnotations 3.1 with options {phase=BUILD}
15:13:20.144 [Worker-21] INFO  o.a.AndroidAnnotationProcessor:84 - Initialize AndroidAnnotations 3.1 with options {phase=BUILD}
15:13:23.578 [Worker-22] INFO  o.a.AndroidAnnotationProcessor:84 - Initialize AndroidAnnotations 3.1 with options {phase=BUILD}
15:13:25.939 [Worker-7] INFO  o.a.AndroidAnnotationProcessor:84 - Initialize AndroidAnnotations 3.1 with options {phase=BUILD}
15:13:35.262 [Worker-22] INFO  o.a.AndroidAnnotationProcessor:84 - Initialize AndroidAnnotations 3.1 with options {phase=BUILD}
15:13:39.914 [Worker-16] INFO  o.a.AndroidAnnotationProcessor:84 - Initialize AndroidAnnotations 3.1 with options {phase=BUILD}
15:13:50.37 [Worker-16] INFO  o.a.AndroidAnnotationProcessor:84 - Initialize AndroidAnnotations 3.1 with options {phase=BUILD}
15:14:27.917 [Worker-20] INFO  o.a.AndroidAnnotationProcessor:84 - Initialize AndroidAnnotations 3.1 with options {phase=BUILD}
15:15:21.86 [Worker-21] INFO  o.a.AndroidAnnotationProcessor:84 - Initialize AndroidAnnotations 3.1 with options {phase=BUILD}
15:15:21.151 [Worker-21] INFO  o.a.AndroidAnnotationProcessor:108 - Start processing for 6 annotations on 43 elements
15:15:21.165 [Worker-21] DEBUG o.a.h.AndroidManifestFinder:137 - AndroidManifest.xml file found in parent folder G:\android_project\SoftwareYard: G:\android_project\SoftwareYard\AndroidManifest.xml
15:15:21.167 [Worker-21] INFO  o.a.AndroidAnnotationProcessor:171 - AndroidManifest.xml found: AndroidManifest [applicationPackage=com.chillax.softwareyard, componentQualifiedNames=[com.chillax.softwareyard.activity.Welcome_, com.chillax.softwareyard.activity.NewsDetail_, com.chillax.softwareyard.activity.MainActivity_, com.chillax.softwareyard.activity.DownLoadCenter_, com.chillax.softwareyard.activity.LoginActivity_, com.chillax.softwareyard.activity.StoreCenter_, com.chillax.softwareyard.activity.WebViewShower_], permissionQualifiedNames=[android.permission.INTERNET, android.permission.WRITE_EXTERNAL_STORAGE, android.permission.READ_EXTERNAL_STORAGE, android.permission.ACCESS_NETWORK_STATE, android.permission.ACCESS_WIFI_STATE, android.permission.READ_PHONE_STATE, android.permission.READ_LOGS], applicationClassName=com.chillax.softwareyard.App, libraryProject=false, debugabble=false, minSdkVersion=13, maxSdkVersion=-1, targetSdkVersion=21]
15:15:21.167 [Worker-21] INFO  o.a.r.ProjectRClassFinder:50 - Found project R class: com.chillax.softwareyard.R
15:15:21.169 [Worker-21] INFO  o.a.r.AndroidRClassFinder:44 - Found Android class: android.R
15:15:21.172 [Worker-21] INFO  o.a.p.ModelValidator:42 - Validating elements
15:15:21.173 [Worker-21] DEBUG o.a.p.ModelValidator:62 - Validating with EActivityHandler: [com.chillax.softwareyard.activity.WebViewShower, com.chillax.softwareyard.activity.LoginActivity, com.chillax.softwareyard.activity.StoreCenter, com.chillax.softwareyard.activity.Welcome, com.chillax.softwareyard.activity.MainActivity, com.chillax.softwareyard.activity.DownLoadCenter, com.chillax.softwareyard.activity.NewsDetail]
15:15:21.173 [Worker-21] DEBUG o.a.p.ModelValidator:62 - Validating with EFragmentHandler: [com.chillax.softwareyard.fragment.TableFragment, com.chillax.softwareyard.fragment.NewsFragment, com.chillax.softwareyard.fragment.SelfFragment]
15:15:21.174 [Worker-21] DEBUG o.a.p.ModelValidator:62 - Validating with EViewGroupHandler: [com.chillax.softwareyard.customview.TopBar, com.chillax.softwareyard.customview.BottomMenu]
15:15:21.175 [Worker-21] DEBUG o.a.p.ModelValidator:62 - Validating with ViewByIdHandler: [tv_zhouzhi, title, pgb, more, mTopBar, logo, iv_self, tv_table, mTopBar, mWebView, iv_table, layout3, file8, file2, content, file4, file10, unloginTv, mIndicator, mPtrlv, file7, mSlv, file3, spinner, file5, file6, fileTv, tv_self, storeTv, login, iv_zhouzhi, layout2, topBar, file1, layout1, mPager, userName, userPwd, mBottomMenu, scrollView, mPgb, file9]
15:15:21.177 [Worker-21] DEBUG o.a.p.ModelValidator:62 - Validating with ClickHandler: [public void layout2(android.view.View) , public void layout1(android.view.View) , void file() , void topBar_more(android.view.View) , void unlogin() , void topBar_logo() , void topBar_title() , void login() , void store() , public void layout3(android.view.View) ]
15:15:21.179 [Worker-21] DEBUG o.a.p.ModelValidator:62 - Validating with AfterViewsHandler: [void initView() , void inits() , void initViews() , public void initViews() , void inits() , void initViews() , void inits() , protected void initView() , void inits() , void initView() ]
15:15:21.179 [Worker-21] INFO  o.a.p.ModelProcessor:69 - Processing root elements
15:15:21.180 [Worker-21] DEBUG o.a.p.ModelProcessor:160 - Processing root elements EActivityHandler: [com.chillax.softwareyard.activity.WebViewShower, com.chillax.softwareyard.activity.LoginActivity, com.chillax.softwareyard.activity.StoreCenter, com.chillax.softwareyard.activity.Welcome, com.chillax.softwareyard.activity.MainActivity, com.chillax.softwareyard.activity.DownLoadCenter, com.chillax.softwareyard.activity.NewsDetail]
15:15:21.187 [Worker-21] DEBUG o.a.p.ModelProcessor:160 - Processing root elements EFragmentHandler: [com.chillax.softwareyard.fragment.TableFragment, com.chillax.softwareyard.fragment.NewsFragment, com.chillax.softwareyard.fragment.SelfFragment]
15:15:21.188 [Worker-21] DEBUG o.a.p.ModelProcessor:160 - Processing root elements EViewGroupHandler: [com.chillax.softwareyard.customview.TopBar, com.chillax.softwareyard.customview.BottomMenu]
15:15:21.189 [Worker-21] INFO  o.a.p.ModelProcessor:77 - Processing enclosed elements
15:15:21.189 [Worker-21] DEBUG o.a.p.ModelProcessor:89 - Processing enclosed elements with ViewByIdHandler: [org.androidannotations.model.AnnotationElements$AnnotatedAndRootElements@239933dc, org.androidannotations.model.AnnotationElements$AnnotatedAndRootElements@5873741, org.androidannotations.model.AnnotationElements$AnnotatedAndRootElements@33dd721b, org.androidannotations.model.AnnotationElements$AnnotatedAndRootElements@1914ba92, org.androidannotations.model.AnnotationElements$AnnotatedAndRootElements@5488cd00, org.androidannotations.model.AnnotationElements$AnnotatedAndRootElements@7ed61e5e, org.androidannotations.model.AnnotationElements$AnnotatedAndRootElements@7efe0e6, org.androidannotations.model.AnnotationElements$AnnotatedAndRootElements@4b4d4344, org.androidannotations.model.AnnotationElements$AnnotatedAndRootElements@5b658aef, org.androidannotations.model.AnnotationElements$AnnotatedAndRootElements@6195ba1a, org.androidannotations.model.AnnotationElements$AnnotatedAndRootElements@2d909fdf, org.androidannotations.model.AnnotationElements$AnnotatedAndRootElements@4f8b301b, org.androidannotations.model.AnnotationElements$AnnotatedAndRootElements@3a6c587c, org.androidannotations.model.AnnotationElements$AnnotatedAndRootElements@7bcd1d9c, org.androidannotations.model.AnnotationElements$AnnotatedAndRootElements@5a2bc1f8, org.androidannotations.model.AnnotationElements$AnnotatedAndRootElements@1f180a0f, org.androidannotations.model.AnnotationElements$AnnotatedAndRootElements@46ffcf28, org.androidannotations.model.AnnotationElements$AnnotatedAndRootElements@5adf7887, org.androidannotations.model.AnnotationElements$AnnotatedAndRootElements@7c907308, org.androidannotations.model.AnnotationElements$AnnotatedAndRootElements@729685cf, org.androidannotations.model.AnnotationElements$AnnotatedAndRootElements@5380cf1a, org.androidannotations.model.AnnotationElements$AnnotatedAndRootElements@6908e992, org.androidannotations.model.AnnotationElements$AnnotatedAndRootElements@1d5757cb, org.androidannotations.model.AnnotationElements$AnnotatedAndRootElements@3d14f874, org.androidannotations.model.AnnotationElements$AnnotatedAndRootElements@ade2b3f, org.androidannotations.model.AnnotationElements$AnnotatedAndRootElements@6b3ba0da, org.androidannotations.model.AnnotationElements$AnnotatedAndRootElements@56cc54ad, org.androidannotations.model.AnnotationElements$AnnotatedAndRootElements@72a93f0a, org.androidannotations.model.AnnotationElements$AnnotatedAndRootElements@37161d5, org.androidannotations.model.AnnotationElements$AnnotatedAndRootElements@958f6ff, org.androidannotations.model.AnnotationElements$AnnotatedAndRootElements@5f7b22d1, org.androidannotations.model.AnnotationElements$AnnotatedAndRootElements@1d99fb73, org.androidannotations.model.AnnotationElements$AnnotatedAndRootElements@3f51e9bc, org.androidannotations.model.AnnotationElements$AnnotatedAndRootElements@3e22560c, org.androidannotations.model.AnnotationElements$AnnotatedAndRootElements@f278395, org.androidannotations.model.AnnotationElements$AnnotatedAndRootElements@33b2b301, org.androidannotations.model.AnnotationElements$AnnotatedAndRootElements@20dc176a, org.androidannotations.model.AnnotationElements$AnnotatedAndRootElements@556b0211, org.androidannotations.model.AnnotationElements$AnnotatedAndRootElements@347117ca, org.androidannotations.model.AnnotationElements$AnnotatedAndRootElements@665e61a2, org.androidannotations.model.AnnotationElements$AnnotatedAndRootElements@34ffff41, org.androidannotations.model.AnnotationElements$AnnotatedAndRootElements@41d5df6a]
15:15:21.192 [Worker-21] DEBUG o.a.p.ModelProcessor:89 - Processing enclosed elements with ClickHandler: [org.androidannotations.model.AnnotationElements$AnnotatedAndRootElements@2dc9e6cb, org.androidannotations.model.AnnotationElements$AnnotatedAndRootElements@6c9730c4, org.androidannotations.model.AnnotationElements$AnnotatedAndRootElements@1ddd8a2e, org.androidannotations.model.AnnotationElements$AnnotatedAndRootElements@21d9969d, org.androidannotations.model.AnnotationElements$AnnotatedAndRootElements@60907c55, org.androidannotations.model.AnnotationElements$AnnotatedAndRootElements@43d23155, org.androidannotations.model.AnnotationElements$AnnotatedAndRootElements@62c24238, org.androidannotations.model.AnnotationElements$AnnotatedAndRootElements@5f2a4a04, org.androidannotations.model.AnnotationElements$AnnotatedAndRootElements@12b0426e, org.androidannotations.model.AnnotationElements$AnnotatedAndRootElements@576c4172]
15:15:21.193 [Worker-21] DEBUG o.a.p.ModelProcessor:89 - Processing enclosed elements with AfterViewsHandler: [org.androidannotations.model.AnnotationElements$AnnotatedAndRootElements@7b822c8, org.androidannotations.model.AnnotationElements$AnnotatedAndRootElements@2fc30bb1, org.androidannotations.model.AnnotationElements$AnnotatedAndRootElements@e2bfa19, org.androidannotations.model.AnnotationElements$AnnotatedAndRootElements@11bd479f, org.androidannotations.model.AnnotationElements$AnnotatedAndRootElements@1c0bacaf, org.androidannotations.model.AnnotationElements$AnnotatedAndRootElements@110419a1, org.androidannotations.model.AnnotationElements$AnnotatedAndRootElements@3d8844e0, org.androidannotations.model.AnnotationElements$AnnotatedAndRootElements@cec4b92, org.androidannotations.model.AnnotationElements$AnnotatedAndRootElements@745faf40, org.androidannotations.model.AnnotationElements$AnnotatedAndRootElements@1afd9032]
15:15:21.194 [Worker-21] INFO  o.a.AndroidAnnotationProcessor:250 - Number of files generated by AndroidAnnotations: 12
15:15:21.195 [Worker-21] INFO  o.a.g.ApiCodeGenerator:52 - Writting following API classes in project: []
15:15:21.196 [Worker-21] DEBUG o.a.g.SourceCodewriter:55 - Generating class: com.chillax.softwareyard.activity.DownLoadCenter_
15:15:21.197 [Worker-21] DEBUG o.a.g.SourceCodewriter:55 - Generating class: com.chillax.softwareyard.activity.LoginActivity_
15:15:21.207 [Worker-21] DEBUG o.a.g.SourceCodewriter:55 - Generating class: com.chillax.softwareyard.activity.MainActivity_
15:15:21.209 [Worker-21] DEBUG o.a.g.SourceCodewriter:55 - Generating class: com.chillax.softwareyard.activity.NewsDetail_
15:15:21.215 [Worker-21] DEBUG o.a.g.SourceCodewriter:55 - Generating class: com.chillax.softwareyard.activity.StoreCenter_
15:15:21.216 [Worker-21] DEBUG o.a.g.SourceCodewriter:55 - Generating class: com.chillax.softwareyard.activity.WebViewShower_
15:15:21.218 [Worker-21] DEBUG o.a.g.SourceCodewriter:55 - Generating class: com.chillax.softwareyard.activity.Welcome_
15:15:21.220 [Worker-21] DEBUG o.a.g.SourceCodewriter:55 - Generating class: com.chillax.softwareyard.customview.BottomMenu_
15:15:21.227 [Worker-21] DEBUG o.a.g.SourceCodewriter:55 - Generating class: com.chillax.softwareyard.customview.TopBar_
15:15:21.234 [Worker-21] DEBUG o.a.g.SourceCodewriter:55 - Generating class: com.chillax.softwareyard.fragment.NewsFragment_
15:15:21.236 [Worker-21] DEBUG o.a.g.SourceCodewriter:55 - Generating class: com.chillax.softwareyard.fragment.SelfFragment_
15:15:21.243 [Worker-21] DEBUG o.a.g.SourceCodewriter:55 - Generating class: com.chillax.softwareyard.fragment.TableFragment_
15:15:21.244 [Worker-21] INFO  o.a.p.TimeStats:81 - Time measurements: [Whole Processing = 93 ms], [Generate Sources = 50 ms], [Process Annotations = 15 ms], [Extract Annotations = 13 ms], [Validate Annotations = 7 ms], [Find R Classes = 5 ms], [Extract Manifest = 2 ms], 
15:15:21.244 [Worker-21] INFO  o.a.AndroidAnnotationProcessor:122 - Finish processing
15:16:45.898 [Worker-20] INFO  o.a.AndroidAnnotationProcessor:84 - Initialize AndroidAnnotations 3.1 with options {phase=BUILD}
15:16:45.947 [Worker-20] INFO  o.a.AndroidAnnotationProcessor:108 - Start processing for 6 annotations on 43 elements
15:16:45.959 [Worker-20] DEBUG o.a.h.AndroidManifestFinder:137 - AndroidManifest.xml file found in parent folder G:\android_project\SoftwareYard: G:\android_project\SoftwareYard\AndroidManifest.xml
15:16:45.961 [Worker-20] INFO  o.a.AndroidAnnotationProcessor:171 - AndroidManifest.xml found: AndroidManifest [applicationPackage=com.chillax.softwareyard, componentQualifiedNames=[com.chillax.softwareyard.activity.Welcome_, com.chillax.softwareyard.activity.NewsDetail_, com.chillax.softwareyard.activity.MainActivity_, com.chillax.softwareyard.activity.DownLoadCenter_, com.chillax.softwareyard.activity.LoginActivity_, com.chillax.softwareyard.activity.StoreCenter_, com.chillax.softwareyard.activity.WebViewShower_], permissionQualifiedNames=[android.permission.INTERNET, android.permission.WRITE_EXTERNAL_STORAGE, android.permission.READ_EXTERNAL_STORAGE, android.permission.ACCESS_NETWORK_STATE, android.permission.ACCESS_WIFI_STATE, android.permission.READ_PHONE_STATE, android.permission.READ_LOGS], applicationClassName=com.chillax.softwareyard.App, libraryProject=false, debugabble=false, minSdkVersion=13, maxSdkVersion=-1, targetSdkVersion=21]
15:16:45.961 [Worker-20] INFO  o.a.r.ProjectRClassFinder:50 - Found project R class: com.chillax.softwareyard.R
15:16:45.963 [Worker-20] INFO  o.a.r.AndroidRClassFinder:44 - Found Android class: android.R
15:16:45.967 [Worker-20] INFO  o.a.p.ModelValidator:42 - Validating elements
15:16:45.968 [Worker-20] DEBUG o.a.p.ModelValidator:62 - Validating with EActivityHandler: [com.chillax.softwareyard.activity.WebViewShower, com.chillax.softwareyard.activity.LoginActivity, com.chillax.softwareyard.activity.StoreCenter, com.chillax.softwareyard.activity.Welcome, com.chillax.softwareyard.activity.MainActivity, com.chillax.softwareyard.activity.DownLoadCenter, com.chillax.softwareyard.activity.NewsDetail]
15:16:45.968 [Worker-20] DEBUG o.a.p.ModelValidator:62 - Validating with EFragmentHandler: [com.chillax.softwareyard.fragment.TableFragment, com.chillax.softwareyard.fragment.NewsFragment, com.chillax.softwareyard.fragment.SelfFragment]
15:16:45.969 [Worker-20] DEBUG o.a.p.ModelValidator:62 - Validating with EViewGroupHandler: [com.chillax.softwareyard.customview.TopBar, com.chillax.softwareyard.customview.BottomMenu]
15:16:45.969 [Worker-20] DEBUG o.a.p.ModelValidator:62 - Validating with ViewByIdHandler: [file6, spinner, layout2, scrollView, mTopBar, file10, mPtrlv, title, more, tv_self, file7, storeTv, mTopBar, tv_zhouzhi, file9, file1, pgb, mIndicator, userPwd, userName, file3, mSlv, file5, iv_self, tv_table, layout1, file8, mPgb, file4, content, topBar, mPager, iv_zhouzhi, iv_table, fileTv, logo, mWebView, mBottomMenu, file2, layout3, login, unloginTv]
15:16:45.972 [Worker-20] DEBUG o.a.p.ModelValidator:62 - Validating with ClickHandler: [void unlogin() , void file() , void topBar_logo() , void login() , void topBar_title() , void store() , public void layout2(android.view.View) , public void layout3(android.view.View) , void topBar_more(android.view.View) , public void layout1(android.view.View) ]
15:16:45.973 [Worker-20] DEBUG o.a.p.ModelValidator:62 - Validating with AfterViewsHandler: [void initViews() , public void initViews() , protected void initView() , void initView() , void inits() , void inits() , void inits() , void initViews() , void initView() , void inits() ]
15:16:45.974 [Worker-20] INFO  o.a.p.ModelProcessor:69 - Processing root elements
15:16:45.974 [Worker-20] DEBUG o.a.p.ModelProcessor:160 - Processing root elements EActivityHandler: [com.chillax.softwareyard.activity.WebViewShower, com.chillax.softwareyard.activity.LoginActivity, com.chillax.softwareyard.activity.StoreCenter, com.chillax.softwareyard.activity.Welcome, com.chillax.softwareyard.activity.MainActivity, com.chillax.softwareyard.activity.DownLoadCenter, com.chillax.softwareyard.activity.NewsDetail]
15:16:45.979 [Worker-20] DEBUG o.a.p.ModelProcessor:160 - Processing root elements EFragmentHandler: [com.chillax.softwareyard.fragment.TableFragment, com.chillax.softwareyard.fragment.NewsFragment, com.chillax.softwareyard.fragment.SelfFragment]
15:16:45.980 [Worker-20] DEBUG o.a.p.ModelProcessor:160 - Processing root elements EViewGroupHandler: [com.chillax.softwareyard.customview.TopBar, com.chillax.softwareyard.customview.BottomMenu]
15:16:45.981 [Worker-20] INFO  o.a.p.ModelProcessor:77 - Processing enclosed elements
15:16:45.982 [Worker-20] DEBUG o.a.p.ModelProcessor:89 - Processing enclosed elements with ViewByIdHandler: [org.androidannotations.model.AnnotationElements$AnnotatedAndRootElements@697002f0, org.androidannotations.model.AnnotationElements$AnnotatedAndRootElements@52732b72, org.androidannotations.model.AnnotationElements$AnnotatedAndRootElements@58d8f21c, org.androidannotations.model.AnnotationElements$AnnotatedAndRootElements@51d44a11, org.androidannotations.model.AnnotationElements$AnnotatedAndRootElements@70be0ce, org.androidannotations.model.AnnotationElements$AnnotatedAndRootElements@6227126e, org.androidannotations.model.AnnotationElements$AnnotatedAndRootElements@7a5d2b57, org.androidannotations.model.AnnotationElements$AnnotatedAndRootElements@27afd165, org.androidannotations.model.AnnotationElements$AnnotatedAndRootElements@4e826409, org.androidannotations.model.AnnotationElements$AnnotatedAndRootElements@206520ee, org.androidannotations.model.AnnotationElements$AnnotatedAndRootElements@19e2c8ad, org.androidannotations.model.AnnotationElements$AnnotatedAndRootElements@d1a0acb, org.androidannotations.model.AnnotationElements$AnnotatedAndRootElements@3513a045, org.androidannotations.model.AnnotationElements$AnnotatedAndRootElements@653d882b, org.androidannotations.model.AnnotationElements$AnnotatedAndRootElements@6718e66, org.androidannotations.model.AnnotationElements$AnnotatedAndRootElements@1fd1f2c8, org.androidannotations.model.AnnotationElements$AnnotatedAndRootElements@14e6a9bf, org.androidannotations.model.AnnotationElements$AnnotatedAndRootElements@4b45da9b, org.androidannotations.model.AnnotationElements$AnnotatedAndRootElements@4553818c, org.androidannotations.model.AnnotationElements$AnnotatedAndRootElements@7381f361, org.androidannotations.model.AnnotationElements$AnnotatedAndRootElements@4ba63b06, org.androidannotations.model.AnnotationElements$AnnotatedAndRootElements@1ed98dfb, org.androidannotations.model.AnnotationElements$AnnotatedAndRootElements@5692d171, org.androidannotations.model.AnnotationElements$AnnotatedAndRootElements@71c6fca2, org.androidannotations.model.AnnotationElements$AnnotatedAndRootElements@56b63593, org.androidannotations.model.AnnotationElements$AnnotatedAndRootElements@2b054ea0, org.androidannotations.model.AnnotationElements$AnnotatedAndRootElements@5e4e836b, org.androidannotations.model.AnnotationElements$AnnotatedAndRootElements@1d39801c, org.androidannotations.model.AnnotationElements$AnnotatedAndRootElements@7aeace82, org.androidannotations.model.AnnotationElements$AnnotatedAndRootElements@465523fe, org.androidannotations.model.AnnotationElements$AnnotatedAndRootElements@3b1e6072, org.androidannotations.model.AnnotationElements$AnnotatedAndRootElements@183eb550, org.androidannotations.model.AnnotationElements$AnnotatedAndRootElements@85cbd2f, org.androidannotations.model.AnnotationElements$AnnotatedAndRootElements@15594dea, org.androidannotations.model.AnnotationElements$AnnotatedAndRootElements@e9ba66d, org.androidannotations.model.AnnotationElements$AnnotatedAndRootElements@17ac32db, org.androidannotations.model.AnnotationElements$AnnotatedAndRootElements@62f42d8d, org.androidannotations.model.AnnotationElements$AnnotatedAndRootElements@7848d974, org.androidannotations.model.AnnotationElements$AnnotatedAndRootElements@1a71584c, org.androidannotations.model.AnnotationElements$AnnotatedAndRootElements@258900b7, org.androidannotations.model.AnnotationElements$AnnotatedAndRootElements@4a3d5203, org.androidannotations.model.AnnotationElements$AnnotatedAndRootElements@7642f8fd]
15:16:45.984 [Worker-20] DEBUG o.a.p.ModelProcessor:89 - Processing enclosed elements with ClickHandler: [org.androidannotations.model.AnnotationElements$AnnotatedAndRootElements@6e9e324f, org.androidannotations.model.AnnotationElements$AnnotatedAndRootElements@7ed8de8b, org.androidannotations.model.AnnotationElements$AnnotatedAndRootElements@4015a766, org.androidannotations.model.AnnotationElements$AnnotatedAndRootElements@e7063b5, org.androidannotations.model.AnnotationElements$AnnotatedAndRootElements@7ba241f7, org.androidannotations.model.AnnotationElements$AnnotatedAndRootElements@10713017, org.androidannotations.model.AnnotationElements$AnnotatedAndRootElements@66a05cd7, org.androidannotations.model.AnnotationElements$AnnotatedAndRootElements@65c84771, org.androidannotations.model.AnnotationElements$AnnotatedAndRootElements@78dbb100, org.androidannotations.model.AnnotationElements$AnnotatedAndRootElements@41b3867d]
15:16:45.985 [Worker-20] DEBUG o.a.p.ModelProcessor:89 - Processing enclosed elements with AfterViewsHandler: [org.androidannotations.model.AnnotationElements$AnnotatedAndRootElements@59a0c1c4, org.androidannotations.model.AnnotationElements$AnnotatedAndRootElements@5a695c6c, org.androidannotations.model.AnnotationElements$AnnotatedAndRootElements@4222b427, org.androidannotations.model.AnnotationElements$AnnotatedAndRootElements@41b32e75, org.androidannotations.model.AnnotationElements$AnnotatedAndRootElements@3e51e376, org.androidannotations.model.AnnotationElements$AnnotatedAndRootElements@7f9c88f4, org.androidannotations.model.AnnotationElements$AnnotatedAndRootElements@4f26299e, org.androidannotations.model.AnnotationElements$AnnotatedAndRootElements@3a11d529, org.androidannotations.model.AnnotationElements$AnnotatedAndRootElements@1a9c7981, org.androidannotations.model.AnnotationElements$AnnotatedAndRootElements@126249ed]
15:16:45.987 [Worker-20] INFO  o.a.AndroidAnnotationProcessor:250 - Number of files generated by AndroidAnnotations: 12
15:16:45.987 [Worker-20] INFO  o.a.g.ApiCodeGenerator:52 - Writting following API classes in project: []
15:16:45.988 [Worker-20] DEBUG o.a.g.SourceCodewriter:55 - Generating class: com.chillax.softwareyard.activity.DownLoadCenter_
15:16:45.989 [Worker-20] DEBUG o.a.g.SourceCodewriter:55 - Generating class: com.chillax.softwareyard.activity.LoginActivity_
15:16:46.28 [Worker-20] DEBUG o.a.g.SourceCodewriter:55 - Generating class: com.chillax.softwareyard.activity.MainActivity_
15:16:46.29 [Worker-20] DEBUG o.a.g.SourceCodewriter:55 - Generating class: com.chillax.softwareyard.activity.NewsDetail_
15:16:46.35 [Worker-20] DEBUG o.a.g.SourceCodewriter:55 - Generating class: com.chillax.softwareyard.activity.StoreCenter_
15:16:46.36 [Worker-20] DEBUG o.a.g.SourceCodewriter:55 - Generating class: com.chillax.softwareyard.activity.WebViewShower_
15:16:46.37 [Worker-20] DEBUG o.a.g.SourceCodewriter:55 - Generating class: com.chillax.softwareyard.activity.Welcome_
15:16:46.39 [Worker-20] DEBUG o.a.g.SourceCodewriter:55 - Generating class: com.chillax.softwareyard.customview.BottomMenu_
15:16:46.48 [Worker-20] DEBUG o.a.g.SourceCodewriter:55 - Generating class: com.chillax.softwareyard.customview.TopBar_
15:16:46.56 [Worker-20] DEBUG o.a.g.SourceCodewriter:55 - Generating class: com.chillax.softwareyard.fragment.NewsFragment_
15:16:46.57 [Worker-20] DEBUG o.a.g.SourceCodewriter:55 - Generating class: com.chillax.softwareyard.fragment.SelfFragment_
15:16:46.66 [Worker-20] DEBUG o.a.g.SourceCodewriter:55 - Generating class: com.chillax.softwareyard.fragment.TableFragment_
15:16:46.68 [Worker-20] INFO  o.a.p.TimeStats:81 - Time measurements: [Whole Processing = 121 ms], [Generate Sources = 82 ms], [Process Annotations = 12 ms], [Extract Annotations = 11 ms], [Validate Annotations = 7 ms], [Find R Classes = 6 ms], [Extract Manifest = 2 ms], 
15:16:46.69 [Worker-20] INFO  o.a.AndroidAnnotationProcessor:122 - Finish processing
15:17:54.239 [Worker-21] INFO  o.a.AndroidAnnotationProcessor:84 - Initialize AndroidAnnotations 3.1 with options {phase=BUILD}
15:17:54.300 [Worker-21] INFO  o.a.AndroidAnnotationProcessor:108 - Start processing for 6 annotations on 43 elements
15:17:54.337 [Worker-21] DEBUG o.a.h.AndroidManifestFinder:137 - AndroidManifest.xml file found in parent folder G:\android_project\SoftwareYard: G:\android_project\SoftwareYard\AndroidManifest.xml
15:17:54.339 [Worker-21] INFO  o.a.AndroidAnnotationProcessor:171 - AndroidManifest.xml found: AndroidManifest [applicationPackage=com.chillax.softwareyard, componentQualifiedNames=[com.chillax.softwareyard.activity.Welcome_, com.chillax.softwareyard.activity.NewsDetail_, com.chillax.softwareyard.activity.MainActivity_, com.chillax.softwareyard.activity.DownLoadCenter_, com.chillax.softwareyard.activity.LoginActivity_, com.chillax.softwareyard.activity.StoreCenter_, com.chillax.softwareyard.activity.WebViewShower_], permissionQualifiedNames=[android.permission.INTERNET, android.permission.WRITE_EXTERNAL_STORAGE, android.permission.READ_EXTERNAL_STORAGE, android.permission.ACCESS_NETWORK_STATE, android.permission.ACCESS_WIFI_STATE, android.permission.READ_PHONE_STATE, android.permission.READ_LOGS], applicationClassName=com.chillax.softwareyard.App, libraryProject=false, debugabble=false, minSdkVersion=13, maxSdkVersion=-1, targetSdkVersion=21]
15:17:54.340 [Worker-21] INFO  o.a.r.ProjectRClassFinder:50 - Found project R class: com.chillax.softwareyard.R
15:17:54.342 [Worker-21] INFO  o.a.r.AndroidRClassFinder:44 - Found Android class: android.R
15:17:54.347 [Worker-21] INFO  o.a.p.ModelValidator:42 - Validating elements
15:17:54.347 [Worker-21] DEBUG o.a.p.ModelValidator:62 - Validating with EActivityHandler: [com.chillax.softwareyard.activity.WebViewShower, com.chillax.softwareyard.activity.LoginActivity, com.chillax.softwareyard.activity.StoreCenter, com.chillax.softwareyard.activity.Welcome, com.chillax.softwareyard.activity.MainActivity, com.chillax.softwareyard.activity.DownLoadCenter, com.chillax.softwareyard.activity.NewsDetail]
15:17:54.348 [Worker-21] DEBUG o.a.p.ModelValidator:62 - Validating with EFragmentHandler: [com.chillax.softwareyard.fragment.TableFragment, com.chillax.softwareyard.fragment.NewsFragment, com.chillax.softwareyard.fragment.SelfFragment]
15:17:54.349 [Worker-21] DEBUG o.a.p.ModelValidator:62 - Validating with EViewGroupHandler: [com.chillax.softwareyard.customview.TopBar, com.chillax.softwareyard.customview.BottomMenu]
15:17:54.350 [Worker-21] DEBUG o.a.p.ModelValidator:62 - Validating with ViewByIdHandler: [layout2, logo, mWebView, file3, mTopBar, unloginTv, layout1, file8, file5, content, scrollView, pgb, iv_self, file9, mPager, userName, fileTv, spinner, tv_self, mPtrlv, file4, mTopBar, file6, file2, mBottomMenu, more, topBar, file7, file1, mIndicator, mSlv, tv_zhouzhi, title, iv_table, userPwd, mPgb, file10, iv_zhouzhi, tv_table, layout3, storeTv, login]
15:17:54.352 [Worker-21] DEBUG o.a.p.ModelValidator:62 - Validating with ClickHandler: [void topBar_more(android.view.View) , public void layout2(android.view.View) , void file() , public void layout3(android.view.View) , void login() , void topBar_title() , public void layout1(android.view.View) , void topBar_logo() , void unlogin() , void store() ]
15:17:54.354 [Worker-21] DEBUG o.a.p.ModelValidator:62 - Validating with AfterViewsHandler: [void initViews() , protected void initView() , void inits() , void inits() , public void initViews() , void initView() , void inits() , void initView() , void inits() , void initViews() ]
15:17:54.354 [Worker-21] INFO  o.a.p.ModelProcessor:69 - Processing root elements
15:17:54.355 [Worker-21] DEBUG o.a.p.ModelProcessor:160 - Processing root elements EActivityHandler: [com.chillax.softwareyard.activity.WebViewShower, com.chillax.softwareyard.activity.LoginActivity, com.chillax.softwareyard.activity.StoreCenter, com.chillax.softwareyard.activity.Welcome, com.chillax.softwareyard.activity.MainActivity, com.chillax.softwareyard.activity.DownLoadCenter, com.chillax.softwareyard.activity.NewsDetail]
15:17:54.363 [Worker-21] DEBUG o.a.p.ModelProcessor:160 - Processing root elements EFragmentHandler: [com.chillax.softwareyard.fragment.TableFragment, com.chillax.softwareyard.fragment.NewsFragment, com.chillax.softwareyard.fragment.SelfFragment]
15:17:54.364 [Worker-21] DEBUG o.a.p.ModelProcessor:160 - Processing root elements EViewGroupHandler: [com.chillax.softwareyard.customview.TopBar, com.chillax.softwareyard.customview.BottomMenu]
15:17:54.365 [Worker-21] INFO  o.a.p.ModelProcessor:77 - Processing enclosed elements
15:17:54.366 [Worker-21] DEBUG o.a.p.ModelProcessor:89 - Processing enclosed elements with ViewByIdHandler: [org.androidannotations.model.AnnotationElements$AnnotatedAndRootElements@7882448, org.androidannotations.model.AnnotationElements$AnnotatedAndRootElements@2d8079c2, org.androidannotations.model.AnnotationElements$AnnotatedAndRootElements@5d77c6f5, org.androidannotations.model.AnnotationElements$AnnotatedAndRootElements@5dd805e, org.androidannotations.model.AnnotationElements$AnnotatedAndRootElements@49e655e5, org.androidannotations.model.AnnotationElements$AnnotatedAndRootElements@476146e2, org.androidannotations.model.AnnotationElements$AnnotatedAndRootElements@6305774, org.androidannotations.model.AnnotationElements$AnnotatedAndRootElements@55501d17, org.androidannotations.model.AnnotationElements$AnnotatedAndRootElements@2ac57242, org.androidannotations.model.AnnotationElements$AnnotatedAndRootElements@68c89ac2, org.androidannotations.model.AnnotationElements$AnnotatedAndRootElements@2cb49cb8, org.androidannotations.model.AnnotationElements$AnnotatedAndRootElements@3b1f4612, org.androidannotations.model.AnnotationElements$AnnotatedAndRootElements@2d4bb144, org.androidannotations.model.AnnotationElements$AnnotatedAndRootElements@26de9851, org.androidannotations.model.AnnotationElements$AnnotatedAndRootElements@54899759, org.androidannotations.model.AnnotationElements$AnnotatedAndRootElements@690be19a, org.androidannotations.model.AnnotationElements$AnnotatedAndRootElements@76ea25f9, org.androidannotations.model.AnnotationElements$AnnotatedAndRootElements@7ae424f1, org.androidannotations.model.AnnotationElements$AnnotatedAndRootElements@369a39cf, org.androidannotations.model.AnnotationElements$AnnotatedAndRootElements@7fb1a2a6, org.androidannotations.model.AnnotationElements$AnnotatedAndRootElements@ec86393, org.androidannotations.model.AnnotationElements$AnnotatedAndRootElements@3bf31def, org.androidannotations.model.AnnotationElements$AnnotatedAndRootElements@39781ce6, org.androidannotations.model.AnnotationElements$AnnotatedAndRootElements@5043eb5c, org.androidannotations.model.AnnotationElements$AnnotatedAndRootElements@294a0ad5, org.androidannotations.model.AnnotationElements$AnnotatedAndRootElements@730de56c, org.androidannotations.model.AnnotationElements$AnnotatedAndRootElements@74b70952, org.androidannotations.model.AnnotationElements$AnnotatedAndRootElements@40e97281, org.androidannotations.model.AnnotationElements$AnnotatedAndRootElements@6eeb1882, org.androidannotations.model.AnnotationElements$AnnotatedAndRootElements@47a6438d, org.androidannotations.model.AnnotationElements$AnnotatedAndRootElements@1abb5915, org.androidannotations.model.AnnotationElements$AnnotatedAndRootElements@2c0c70a3, org.androidannotations.model.AnnotationElements$AnnotatedAndRootElements@3faaac5b, org.androidannotations.model.AnnotationElements$AnnotatedAndRootElements@5656bfe5, org.androidannotations.model.AnnotationElements$AnnotatedAndRootElements@6917ea5, org.androidannotations.model.AnnotationElements$AnnotatedAndRootElements@572fbf9a, org.androidannotations.model.AnnotationElements$AnnotatedAndRootElements@204695b1, org.androidannotations.model.AnnotationElements$AnnotatedAndRootElements@5b717cc6, org.androidannotations.model.AnnotationElements$AnnotatedAndRootElements@2c1d81e7, org.androidannotations.model.AnnotationElements$AnnotatedAndRootElements@433f9602, org.androidannotations.model.AnnotationElements$AnnotatedAndRootElements@6033c58d, org.androidannotations.model.AnnotationElements$AnnotatedAndRootElements@25be83c1]
15:17:54.376 [Worker-21] DEBUG o.a.p.ModelProcessor:89 - Processing enclosed elements with ClickHandler: [org.androidannotations.model.AnnotationElements$AnnotatedAndRootElements@5d0f656e, org.androidannotations.model.AnnotationElements$AnnotatedAndRootElements@6a7f0a6c, org.androidannotations.model.AnnotationElements$AnnotatedAndRootElements@6e8c76af, org.androidannotations.model.AnnotationElements$AnnotatedAndRootElements@397d5799, org.androidannotations.model.AnnotationElements$AnnotatedAndRootElements@2af7a4a, org.androidannotations.model.AnnotationElements$AnnotatedAndRootElements@61da76a2, org.androidannotations.model.AnnotationElements$AnnotatedAndRootElements@226ae1e3, org.androidannotations.model.AnnotationElements$AnnotatedAndRootElements@1c1b8760, org.androidannotations.model.AnnotationElements$AnnotatedAndRootElements@38b2230, org.androidannotations.model.AnnotationElements$AnnotatedAndRootElements@102dda01]
15:17:54.377 [Worker-21] DEBUG o.a.p.ModelProcessor:89 - Processing enclosed elements with AfterViewsHandler: [org.androidannotations.model.AnnotationElements$AnnotatedAndRootElements@49758a7, org.androidannotations.model.AnnotationElements$AnnotatedAndRootElements@19ea411e, org.androidannotations.model.AnnotationElements$AnnotatedAndRootElements@58eef0ea, org.androidannotations.model.AnnotationElements$AnnotatedAndRootElements@626fae5b, org.androidannotations.model.AnnotationElements$AnnotatedAndRootElements@50398b7e, org.androidannotations.model.AnnotationElements$AnnotatedAndRootElements@7397d5de, org.androidannotations.model.AnnotationElements$AnnotatedAndRootElements@5c8b5852, org.androidannotations.model.AnnotationElements$AnnotatedAndRootElements@5de24c98, org.androidannotations.model.AnnotationElements$AnnotatedAndRootElements@17048a7f, org.androidannotations.model.AnnotationElements$AnnotatedAndRootElements@3b01116c]
15:17:54.378 [Worker-21] INFO  o.a.AndroidAnnotationProcessor:250 - Number of files generated by AndroidAnnotations: 12
15:17:54.379 [Worker-21] INFO  o.a.g.ApiCodeGenerator:52 - Writting following API classes in project: []
15:17:54.379 [Worker-21] DEBUG o.a.g.SourceCodewriter:55 - Generating class: com.chillax.softwareyard.activity.DownLoadCenter_
15:17:54.387 [Worker-21] DEBUG o.a.g.SourceCodewriter:55 - Generating class: com.chillax.softwareyard.activity.LoginActivity_
15:17:54.396 [Worker-21] DEBUG o.a.g.SourceCodewriter:55 - Generating class: com.chillax.softwareyard.activity.MainActivity_
15:17:54.397 [Worker-21] DEBUG o.a.g.SourceCodewriter:55 - Generating class: com.chillax.softwareyard.activity.NewsDetail_
15:17:54.517 [Worker-21] DEBUG o.a.g.SourceCodewriter:55 - Generating class: com.chillax.softwareyard.activity.StoreCenter_
15:17:54.518 [Worker-21] DEBUG o.a.g.SourceCodewriter:55 - Generating class: com.chillax.softwareyard.activity.WebViewShower_
15:17:54.520 [Worker-21] DEBUG o.a.g.SourceCodewriter:55 - Generating class: com.chillax.softwareyard.activity.Welcome_
15:17:54.521 [Worker-21] DEBUG o.a.g.SourceCodewriter:55 - Generating class: com.chillax.softwareyard.customview.BottomMenu_
15:17:54.528 [Worker-21] DEBUG o.a.g.SourceCodewriter:55 - Generating class: com.chillax.softwareyard.customview.TopBar_
15:17:54.537 [Worker-21] DEBUG o.a.g.SourceCodewriter:55 - Generating class: com.chillax.softwareyard.fragment.NewsFragment_
15:17:54.538 [Worker-21] DEBUG o.a.g.SourceCodewriter:55 - Generating class: com.chillax.softwareyard.fragment.SelfFragment_
15:17:54.546 [Worker-21] DEBUG o.a.g.SourceCodewriter:55 - Generating class: com.chillax.softwareyard.fragment.TableFragment_
15:17:54.555 [Worker-21] INFO  o.a.p.TimeStats:81 - Time measurements: [Whole Processing = 255 ms], [Generate Sources = 177 ms], [Extract Annotations = 36 ms], [Process Annotations = 24 ms], [Find R Classes = 7 ms], [Validate Annotations = 7 ms], [Extract Manifest = 2 ms], 
15:17:54.556 [Worker-21] INFO  o.a.AndroidAnnotationProcessor:122 - Finish processing
16:13:43.858 [Worker-14] INFO  o.a.AndroidAnnotationProcessor:84 - Initialize AndroidAnnotations 3.1 with options {phase=BUILD}
16:13:44.10 [Worker-14] INFO  o.a.AndroidAnnotationProcessor:108 - Start processing for 6 annotations on 90 elements
16:13:44.171 [Worker-14] DEBUG o.a.h.AndroidManifestFinder:137 - AndroidManifest.xml file found in parent folder G:\android_project\SoftwareYard_\SoftwareYard: G:\android_project\SoftwareYard_\SoftwareYard\AndroidManifest.xml
16:13:44.175 [Worker-14] INFO  o.a.AndroidAnnotationProcessor:171 - AndroidManifest.xml found: AndroidManifest [applicationPackage=com.chillax.softwareyard, componentQualifiedNames=[com.chillax.softwareyard.activity.Welcome_, com.chillax.softwareyard.activity.NewsDetail_, com.chillax.softwareyard.activity.MainActivity_, com.chillax.softwareyard.activity.DownLoadCenter_, com.chillax.softwareyard.activity.LoginActivity_, com.chillax.softwareyard.activity.StoreCenter_, com.chillax.softwareyard.activity.WebViewShower_], permissionQualifiedNames=[android.permission.INTERNET, android.permission.WRITE_EXTERNAL_STORAGE, android.permission.READ_EXTERNAL_STORAGE, android.permission.ACCESS_NETWORK_STATE, android.permission.ACCESS_WIFI_STATE, android.permission.READ_PHONE_STATE, android.permission.READ_LOGS], applicationClassName=com.chillax.softwareyard.App, libraryProject=false, debugabble=false, minSdkVersion=13, maxSdkVersion=-1, targetSdkVersion=21]
16:13:44.176 [Worker-14] INFO  o.a.r.ProjectRClassFinder:50 - Found project R class: com.chillax.softwareyard.R
16:13:44.460 [Worker-14] INFO  o.a.r.AndroidRClassFinder:44 - Found Android class: android.R
16:13:44.483 [Worker-14] INFO  o.a.p.ModelValidator:42 - Validating elements
16:13:44.484 [Worker-14] DEBUG o.a.p.ModelValidator:62 - Validating with EActivityHandler: [com.chillax.softwareyard.activity.WebViewShower, com.chillax.softwareyard.activity.LoginActivity, com.chillax.softwareyard.activity.StoreCenter, com.chillax.softwareyard.activity.Welcome, com.chillax.softwareyard.activity.MainActivity, com.chillax.softwareyard.activity.NewsDetail, com.chillax.softwareyard.activity.DownLoadCenter]
16:13:44.490 [Worker-14] DEBUG o.a.p.ModelValidator:62 - Validating with EFragmentHandler: [com.chillax.softwareyard.fragment.TableFragment, com.chillax.softwareyard.fragment.NewsFragment, com.chillax.softwareyard.fragment.SelfFragment]
16:13:44.493 [Worker-14] DEBUG o.a.p.ModelValidator:62 - Validating with EViewGroupHandler: [com.chillax.softwareyard.customview.TopBar, com.chillax.softwareyard.customview.BottomMenu]
16:13:44.496 [Worker-14] DEBUG o.a.p.ModelValidator:62 - Validating with ViewByIdHandler: [layout1, layout2, userName, iv_self, file4, pgb, mIndicator, file9, topBar, more, file7, userPwd, mWebView, iv_zhouzhi, file10, scrollView, layout3, storeTv, mTopBar, iv_table, mPtrlv, file6, unloginTv, spinner, mSlv, file8, mPager, file3, logo, tv_self, file1, mBottomMenu, tv_zhouzhi, file2, mPgb, tv_table, file5, title, content, login, fileTv, mTopBar]
16:13:44.507 [Worker-14] DEBUG o.a.p.ModelValidator:62 - Validating with ClickHandler: [void unlogin() , void topBar_more(android.view.View) , public void layout1(android.view.View) , void topBar_title() , void topBar_logo() , public void layout3(android.view.View) , void file() , void login() , public void layout2(android.view.View) , void store() ]
16:13:44.521 [Worker-14] DEBUG o.a.p.ModelValidator:62 - Validating with AfterViewsHandler: [void initView() , protected void initView() , void inits() , void inits() , void inits() , void initViews() , void initViews() , void inits() , void initView() , public void initViews() ]
16:13:44.534 [Worker-14] INFO  o.a.p.ModelProcessor:69 - Processing root elements
16:13:44.535 [Worker-14] DEBUG o.a.p.ModelProcessor:160 - Processing root elements EActivityHandler: [com.chillax.softwareyard.activity.WebViewShower, com.chillax.softwareyard.activity.LoginActivity, com.chillax.softwareyard.activity.StoreCenter, com.chillax.softwareyard.activity.Welcome, com.chillax.softwareyard.activity.MainActivity, com.chillax.softwareyard.activity.NewsDetail, com.chillax.softwareyard.activity.DownLoadCenter]
16:13:44.602 [Worker-14] DEBUG o.a.p.ModelProcessor:160 - Processing root elements EFragmentHandler: [com.chillax.softwareyard.fragment.TableFragment, com.chillax.softwareyard.fragment.NewsFragment, com.chillax.softwareyard.fragment.SelfFragment]
16:13:44.608 [Worker-14] DEBUG o.a.p.ModelProcessor:160 - Processing root elements EViewGroupHandler: [com.chillax.softwareyard.customview.TopBar, com.chillax.softwareyard.customview.BottomMenu]
16:13:44.617 [Worker-14] INFO  o.a.p.ModelProcessor:77 - Processing enclosed elements
16:13:44.618 [Worker-14] DEBUG o.a.p.ModelProcessor:89 - Processing enclosed elements with ViewByIdHandler: [org.androidannotations.model.AnnotationElements$AnnotatedAndRootElements@1144e1c5, org.androidannotations.model.AnnotationElements$AnnotatedAndRootElements@66b73236, org.androidannotations.model.AnnotationElements$AnnotatedAndRootElements@76d4bed6, org.androidannotations.model.AnnotationElements$AnnotatedAndRootElements@3787fd05, org.androidannotations.model.AnnotationElements$AnnotatedAndRootElements@25ae7d2c, org.androidannotations.model.AnnotationElements$AnnotatedAndRootElements@1ec0d782, org.androidannotations.model.AnnotationElements$AnnotatedAndRootElements@7480c544, org.androidannotations.model.AnnotationElements$AnnotatedAndRootElements@7c3d9df9, org.androidannotations.model.AnnotationElements$AnnotatedAndRootElements@5257cb12, org.androidannotations.model.AnnotationElements$AnnotatedAndRootElements@4c01460a, org.androidannotations.model.AnnotationElements$AnnotatedAndRootElements@19ff3c71, org.androidannotations.model.AnnotationElements$AnnotatedAndRootElements@f048d0b, org.androidannotations.model.AnnotationElements$AnnotatedAndRootElements@430a859a, org.androidannotations.model.AnnotationElements$AnnotatedAndRootElements@68fe44ae, org.androidannotations.model.AnnotationElements$AnnotatedAndRootElements@42b77426, org.androidannotations.model.AnnotationElements$AnnotatedAndRootElements@329f984d, org.androidannotations.model.AnnotationElements$AnnotatedAndRootElements@1b21f475, org.androidannotations.model.AnnotationElements$AnnotatedAndRootElements@50c56811, org.androidannotations.model.AnnotationElements$AnnotatedAndRootElements@6988661e, org.androidannotations.model.AnnotationElements$AnnotatedAndRootElements@2e6ccaf4, org.androidannotations.model.AnnotationElements$AnnotatedAndRootElements@5be4bfbc, org.androidannotations.model.AnnotationElements$AnnotatedAndRootElements@6a1ec4c7, org.androidannotations.model.AnnotationElements$AnnotatedAndRootElements@496f66b4, org.androidannotations.model.AnnotationElements$AnnotatedAndRootElements@1735af6e, org.androidannotations.model.AnnotationElements$AnnotatedAndRootElements@3713478f, org.androidannotations.model.AnnotationElements$AnnotatedAndRootElements@757a89a5, org.androidannotations.model.AnnotationElements$AnnotatedAndRootElements@45297809, org.androidannotations.model.AnnotationElements$AnnotatedAndRootElements@610bea68, org.androidannotations.model.AnnotationElements$AnnotatedAndRootElements@550a392f, org.androidannotations.model.AnnotationElements$AnnotatedAndRootElements@1b5456f2, org.androidannotations.model.AnnotationElements$AnnotatedAndRootElements@40095caf, org.androidannotations.model.AnnotationElements$AnnotatedAndRootElements@33ed1484, org.androidannotations.model.AnnotationElements$AnnotatedAndRootElements@3787abac, org.androidannotations.model.AnnotationElements$AnnotatedAndRootElements@53ae9003, org.androidannotations.model.AnnotationElements$AnnotatedAndRootElements@77b0ff1e, org.androidannotations.model.AnnotationElements$AnnotatedAndRootElements@1380232f, org.androidannotations.model.AnnotationElements$AnnotatedAndRootElements@5b4930a6, org.androidannotations.model.AnnotationElements$AnnotatedAndRootElements@35fd6d8c, org.androidannotations.model.AnnotationElements$AnnotatedAndRootElements@59a50616, org.androidannotations.model.AnnotationElements$AnnotatedAndRootElements@1f19652e, org.androidannotations.model.AnnotationElements$AnnotatedAndRootElements@419cfda7, org.androidannotations.model.AnnotationElements$AnnotatedAndRootElements@4bccf4f3]
16:13:44.624 [Worker-14] DEBUG o.a.p.ModelProcessor:89 - Processing enclosed elements with ClickHandler: [org.androidannotations.model.AnnotationElements$AnnotatedAndRootElements@183da14f, org.androidannotations.model.AnnotationElements$AnnotatedAndRootElements@237293a0, org.androidannotations.model.AnnotationElements$AnnotatedAndRootElements@447d0eeb, org.androidannotations.model.AnnotationElements$AnnotatedAndRootElements@6488acce, org.androidannotations.model.AnnotationElements$AnnotatedAndRootElements@3ecbda8c, org.androidannotations.model.AnnotationElements$AnnotatedAndRootElements@224c8d36, org.androidannotations.model.AnnotationElements$AnnotatedAndRootElements@7a0ce926, org.androidannotations.model.AnnotationElements$AnnotatedAndRootElements@2e4baad0, org.androidannotations.model.AnnotationElements$AnnotatedAndRootElements@749d8ad1, org.androidannotations.model.AnnotationElements$AnnotatedAndRootElements@3672833f]
16:13:44.627 [Worker-14] DEBUG o.a.p.ModelProcessor:89 - Processing enclosed elements with AfterViewsHandler: [org.androidannotations.model.AnnotationElements$AnnotatedAndRootElements@28aa50a8, org.androidannotations.model.AnnotationElements$AnnotatedAndRootElements@599896d, org.androidannotations.model.AnnotationElements$AnnotatedAndRootElements@46e879ae, org.androidannotations.model.AnnotationElements$AnnotatedAndRootElements@423c5f66, org.androidannotations.model.AnnotationElements$AnnotatedAndRootElements@49d7c57, org.androidannotations.model.AnnotationElements$AnnotatedAndRootElements@3ad6911, org.androidannotations.model.AnnotationElements$AnnotatedAndRootElements@7e30dfad, org.androidannotations.model.AnnotationElements$AnnotatedAndRootElements@18a5dc3b, org.androidannotations.model.AnnotationElements$AnnotatedAndRootElements@333d8403, org.androidannotations.model.AnnotationElements$AnnotatedAndRootElements@7b364518]
16:13:44.628 [Worker-14] INFO  o.a.AndroidAnnotationProcessor:250 - Number of files generated by AndroidAnnotations: 12
16:13:44.632 [Worker-14] INFO  o.a.g.ApiCodeGenerator:52 - Writting following API classes in project: []
16:13:44.644 [Worker-14] DEBUG o.a.g.SourceCodewriter:55 - Generating class: com.chillax.softwareyard.activity.DownLoadCenter_
16:13:44.658 [Worker-14] DEBUG o.a.g.SourceCodewriter:55 - Generating class: com.chillax.softwareyard.activity.LoginActivity_
16:13:44.665 [Worker-14] DEBUG o.a.g.SourceCodewriter:55 - Generating class: com.chillax.softwareyard.activity.MainActivity_
16:13:44.670 [Worker-14] DEBUG o.a.g.SourceCodewriter:55 - Generating class: com.chillax.softwareyard.activity.NewsDetail_
16:13:44.734 [Worker-14] DEBUG o.a.g.SourceCodewriter:55 - Generating class: com.chillax.softwareyard.activity.StoreCenter_
16:13:44.746 [Worker-14] DEBUG o.a.g.SourceCodewriter:55 - Generating class: com.chillax.softwareyard.activity.WebViewShower_
16:13:44.749 [Worker-14] DEBUG o.a.g.SourceCodewriter:55 - Generating class: com.chillax.softwareyard.activity.Welcome_
16:13:44.752 [Worker-14] DEBUG o.a.g.SourceCodewriter:55 - Generating class: com.chillax.softwareyard.customview.BottomMenu_
16:13:44.851 [Worker-14] DEBUG o.a.g.SourceCodewriter:55 - Generating class: com.chillax.softwareyard.customview.TopBar_
16:13:44.873 [Worker-14] DEBUG o.a.g.SourceCodewriter:55 - Generating class: com.chillax.softwareyard.fragment.NewsFragment_
16:13:44.876 [Worker-14] DEBUG o.a.g.SourceCodewriter:55 - Generating class: com.chillax.softwareyard.fragment.SelfFragment_
16:13:44.895 [Worker-14] DEBUG o.a.g.SourceCodewriter:55 - Generating class: com.chillax.softwareyard.fragment.TableFragment_
16:13:44.930 [Worker-14] INFO  o.a.p.TimeStats:81 - Time measurements: [Whole Processing = 920 ms], [Generate Sources = 302 ms], [Find R Classes = 296 ms], [Extract Annotations = 158 ms], [Process Annotations = 106 ms], [Validate Annotations = 39 ms], [Extract Manifest = 5 ms], 
16:13:44.931 [Worker-14] INFO  o.a.AndroidAnnotationProcessor:122 - Finish processing
16:13:47.818 [Worker-16] INFO  o.a.AndroidAnnotationProcessor:84 - Initialize AndroidAnnotations 3.1 with options {phase=BUILD}
