01:47:19.917 [Daemon worker Thread 16] INFO  o.a.AndroidAnnotationProcessor:84 - Initialize AndroidAnnotations 3.2 with options {androidManifestFile=/Users/MAC/Documents/Programer/Android/Yard/SoftwareYard/build/intermediates/manifests/full/release/AndroidManifest.xml}
01:47:20.39 [Daemon worker Thread 16] INFO  o.a.AndroidAnnotationProcessor:108 - Start processing for 6 annotations on 130 elements
01:47:20.76 [Daemon worker Thread 16] DEBUG o.a.h.AndroidManifestFinder:98 - AndroidManifest.xml file found with specified path: /Users/MAC/Documents/Programer/Android/Yard/SoftwareYard/build/intermediates/manifests/full/release/AndroidManifest.xml
01:47:20.88 [Daemon worker Thread 16] INFO  o.a.AndroidAnnotationProcessor:171 - AndroidManifest.xml found: AndroidManifest [applicationPackage=com.chillax.softwareyard, componentQualifiedNames=[com.chillax.softwareyard.activity.Welcome_, com.chillax.softwareyard.activity.NewsDetail_, com.chillax.softwareyard.activity.MainActivity_, com.chillax.softwareyard.activity.DownLoadCenter_, com.chillax.softwareyard.activity.LoginActivity_, com.chillax.softwareyard.activity.StoreCenter_, com.chillax.softwareyard.activity.WebViewShower_, com.chillax.softwareyard.activity.TuLingRobot_, com.chillax.softwareyard.activity.SettingCenter, com.chillax.softwareyard.activity.SettingCenter_, com.chillax.softwareyard.activity.AboutAuthor, com.chillax.softwareyard.activity.CourseInfo_, com.chillax.softwareyard.activity.ZoomImage, com.chillax.softwareyard.activity.FirstLeader_, com.chillax.softwareyard.activity.FeedBack_, com.chillax.softwareyard.activity.ExamScore_, com.chillax.softwareyard.activity.ExamSchedule_, com.mob.tools.MobUIShell, com.chillax.softwareyard.wxapi.WXEntryActivity, com.umeng.update.UpdateDialogActivity, com.chillax.softwareyard.utils.DownLoadService, com.chillax.softwareyard.utils.CusIntentService, cn.bmob.push.lib.service.PushService, com.umeng.update.net.DownloadingService, cn.bmob.push.PushReceiver, com.chillax.softwareyard.bmob.MyPushMessageReceiver], permissionQualifiedNames=[android.permission.INTERNET, android.permission.ACCESS_NETWORK_STATE, android.permission.ACCESS_WIFI_STATE, android.permission.CHANGE_NETWORK_STATE, android.permission.CHANGE_WIFI_STATE, android.permission.READ_PHONE_STATE, android.permission.WRITE_EXTERNAL_STORAGE, android.permission.WAKE_LOCK, android.permission.VIBRATE, android.permission.WRITE_SETTINGS, android.permission.RECEIVE_BOOT_COMPLETED, android.permission.GET_TASKS, cn.bmob.permission.push, android.permission.READ_LOGS, android.permission.INTERNET, android.permission.READ_PHONE_STATE, android.permission.WAKE_LOCK, android.permission.RECEIVE_BOOT_COMPLETED, android.permission.WRITE_EXTERNAL_STORAGE, android.permission.VIBRATE, android.permission.ACCESS_NETWORK_STATE, android.permission.ACCESS_WIFI_STATE, android.permission.RECEIVE_USER_PRESENT, android.permission.BROADCAST_PACKAGE_ADDED, android.permission.BROADCAST_PACKAGE_CHANGED, android.permission.BROADCAST_PACKAGE_INSTALL, android.permission.BROADCAST_PACKAGE_REPLACED, android.permission.RESTART_PACKAGES, android.permission.GET_ACCOUNTS, android.permission.MANAGE_ACCOUNTS, android.permission.GET_ACCOUNTS, android.permission.BLUETOOTH, android.permission.BLUETOOTH_ADMIN, android.permission.CAMERA], applicationClassName=com.chillax.softwareyard.App, libraryProject=false, debugabble=false, minSdkVersion=13, maxSdkVersion=-1, targetSdkVersion=22]
01:47:20.90 [Daemon worker Thread 16] INFO  o.a.r.ProjectRClassFinder:50 - Found project R class: com.chillax.softwareyard.R
01:47:20.97 [Daemon worker Thread 16] INFO  o.a.r.AndroidRClassFinder:44 - Found Android class: android.R
01:47:20.120 [Daemon worker Thread 16] INFO  o.a.p.ModelValidator:42 - Validating elements
01:47:20.121 [Daemon worker Thread 16] DEBUG o.a.p.ModelValidator:62 - Validating with EActivityHandler: [com.chillax.softwareyard.activity.CourseInfo, com.chillax.softwareyard.activity.DownLoadCenter, com.chillax.softwareyard.activity.ExamSchedule, com.chillax.softwareyard.activity.ExamScore, com.chillax.softwareyard.activity.FeedBack, com.chillax.softwareyard.activity.FirstLeader, com.chillax.softwareyard.activity.LoginActivity, com.chillax.softwareyard.activity.MainActivity, com.chillax.softwareyard.activity.NewsDetail, com.chillax.softwareyard.activity.SettingCenter, com.chillax.softwareyard.activity.StoreCenter, com.chillax.softwareyard.activity.TuLingRobot, com.chillax.softwareyard.activity.WebViewShower, com.chillax.softwareyard.activity.Welcome]
01:47:20.126 [Daemon worker Thread 16] DEBUG o.a.p.ModelValidator:62 - Validating with EFragmentHandler: [com.chillax.softwareyard.fragment.LeaderItem, com.chillax.softwareyard.fragment.NewsFragment, com.chillax.softwareyard.fragment.ScoreFrag, com.chillax.softwareyard.fragment.SelfFragment, com.chillax.softwareyard.fragment.TableFragment]
01:47:20.130 [Daemon worker Thread 16] DEBUG o.a.p.ModelValidator:62 - Validating with EViewGroupHandler: [com.chillax.softwareyard.customview.ActionBar, com.chillax.softwareyard.customview.BottomMenu, com.chillax.softwareyard.customview.TopBar]
01:47:20.132 [Daemon worker Thread 16] DEBUG o.a.p.ModelValidator:62 - Validating with ViewByIdHandler: [leftView, rightView, topBar, mActionBar, mLv, mLv, mPtrv, mTv, mTopbar, mTopbar, mVp, mIndicator, mTopbar, vp, indicator, userName, userPwd, login, mActionBar, mBottomMenu, content, actionBar, scrollView, fileList, pgb, mActionBar, mLv, mSlv, mTopbar, topbar, lv, edit, send, mWebView, mPgb, mActionBar, logo, title, more, spinner, forTableVG, arrow, iv_table, iv_zhouzhi, iv_self, tv_zhouzhi, tv_table, tv_self, layout1, layout2, layout3, backIv, titleTv, moreIv, moreTv, bg, comein, mPtrlv, mPgb, mPullToRefreshView, mLv, mPtrv, mTv, listView, userImageView, userLayout, mIndicator, mPager, mLeftLv]
01:47:20.143 [Daemon worker Thread 16] DEBUG o.a.p.ModelValidator:62 - Validating with ClickHandler: [login(), tuling_tv(), topBar_logo(), topBar_title(), topBar_more(android.view.View), forTableVG(android.view.View), layout1(android.view.View), layout2(android.view.View), layout3(android.view.View), back(android.view.View), more(android.view.View), comein(), userImage()]
01:47:20.153 [Daemon worker Thread 16] DEBUG o.a.p.ModelValidator:62 - Validating with AfterViewsHandler: [init(), inits(), init(), initViews(), initViews(), init(), initViews(), initView(), initView(), inits(), inits(), init(), inits(), initViews(), initView(), inits(), init(), inits(), initViews()]
01:47:20.174 [Daemon worker Thread 16] INFO  o.a.p.ModelProcessor:69 - Processing root elements
01:47:20.175 [Daemon worker Thread 16] DEBUG o.a.p.ModelProcessor:160 - Processing root elements EActivityHandler: [com.chillax.softwareyard.activity.LoginActivity, com.chillax.softwareyard.activity.FeedBack, com.chillax.softwareyard.activity.CourseInfo, com.chillax.softwareyard.activity.MainActivity, com.chillax.softwareyard.activity.WebViewShower, com.chillax.softwareyard.activity.SettingCenter, com.chillax.softwareyard.activity.ExamScore, com.chillax.softwareyard.activity.TuLingRobot, com.chillax.softwareyard.activity.DownLoadCenter, com.chillax.softwareyard.activity.StoreCenter, com.chillax.softwareyard.activity.NewsDetail, com.chillax.softwareyard.activity.FirstLeader, com.chillax.softwareyard.activity.ExamSchedule, com.chillax.softwareyard.activity.Welcome]
01:47:20.230 [Daemon worker Thread 16] DEBUG o.a.p.ModelProcessor:160 - Processing root elements EFragmentHandler: [com.chillax.softwareyard.fragment.ScoreFrag, com.chillax.softwareyard.fragment.NewsFragment, com.chillax.softwareyard.fragment.TableFragment, com.chillax.softwareyard.fragment.LeaderItem, com.chillax.softwareyard.fragment.SelfFragment]
01:47:20.237 [Daemon worker Thread 16] DEBUG o.a.p.ModelProcessor:160 - Processing root elements EViewGroupHandler: [com.chillax.softwareyard.customview.TopBar, com.chillax.softwareyard.customview.ActionBar, com.chillax.softwareyard.customview.BottomMenu]
01:47:20.247 [Daemon worker Thread 16] INFO  o.a.p.ModelProcessor:77 - Processing enclosed elements
01:47:20.263 [Daemon worker Thread 16] INFO  o.a.AndroidAnnotationProcessor:250 - Number of files generated by AndroidAnnotations: 22
01:47:20.265 [Daemon worker Thread 16] INFO  o.a.g.ApiCodeGenerator:52 - Writting following API classes in project: []
01:47:20.268 [Daemon worker Thread 16] DEBUG o.a.g.SourceCodewriter:55 - Generating class: com.chillax.softwareyard.activity.CourseInfo_
01:47:20.289 [Daemon worker Thread 16] DEBUG o.a.g.SourceCodewriter:55 - Generating class: com.chillax.softwareyard.activity.DownLoadCenter_
01:47:20.305 [Daemon worker Thread 16] DEBUG o.a.g.SourceCodewriter:55 - Generating class: com.chillax.softwareyard.activity.ExamSchedule_
01:47:20.316 [Daemon worker Thread 16] DEBUG o.a.g.SourceCodewriter:55 - Generating class: com.chillax.softwareyard.activity.ExamScore_
01:47:20.329 [Daemon worker Thread 16] DEBUG o.a.g.SourceCodewriter:55 - Generating class: com.chillax.softwareyard.activity.FeedBack_
01:47:20.341 [Daemon worker Thread 16] DEBUG o.a.g.SourceCodewriter:55 - Generating class: com.chillax.softwareyard.activity.FirstLeader_
01:47:20.352 [Daemon worker Thread 16] DEBUG o.a.g.SourceCodewriter:55 - Generating class: com.chillax.softwareyard.activity.LoginActivity_
01:47:20.363 [Daemon worker Thread 16] DEBUG o.a.g.SourceCodewriter:55 - Generating class: com.chillax.softwareyard.activity.MainActivity_
01:47:20.373 [Daemon worker Thread 16] DEBUG o.a.g.SourceCodewriter:55 - Generating class: com.chillax.softwareyard.activity.NewsDetail_
01:47:20.385 [Daemon worker Thread 16] DEBUG o.a.g.SourceCodewriter:55 - Generating class: com.chillax.softwareyard.activity.SettingCenter_
01:47:20.394 [Daemon worker Thread 16] DEBUG o.a.g.SourceCodewriter:55 - Generating class: com.chillax.softwareyard.activity.StoreCenter_
01:47:20.407 [Daemon worker Thread 16] DEBUG o.a.g.SourceCodewriter:55 - Generating class: com.chillax.softwareyard.activity.TuLingRobot_
01:47:20.422 [Daemon worker Thread 16] DEBUG o.a.g.SourceCodewriter:55 - Generating class: com.chillax.softwareyard.activity.WebViewShower_
01:47:20.442 [Daemon worker Thread 16] DEBUG o.a.g.SourceCodewriter:55 - Generating class: com.chillax.softwareyard.activity.Welcome_
01:47:20.458 [Daemon worker Thread 16] DEBUG o.a.g.SourceCodewriter:55 - Generating class: com.chillax.softwareyard.customview.ActionBar_
01:47:20.471 [Daemon worker Thread 16] DEBUG o.a.g.SourceCodewriter:55 - Generating class: com.chillax.softwareyard.customview.BottomMenu_
01:47:20.480 [Daemon worker Thread 16] DEBUG o.a.g.SourceCodewriter:55 - Generating class: com.chillax.softwareyard.customview.TopBar_
01:47:20.489 [Daemon worker Thread 16] DEBUG o.a.g.SourceCodewriter:55 - Generating class: com.chillax.softwareyard.fragment.LeaderItem_
01:47:20.496 [Daemon worker Thread 16] DEBUG o.a.g.SourceCodewriter:55 - Generating class: com.chillax.softwareyard.fragment.NewsFragment_
01:47:20.504 [Daemon worker Thread 16] DEBUG o.a.g.SourceCodewriter:55 - Generating class: com.chillax.softwareyard.fragment.ScoreFrag_
01:47:20.511 [Daemon worker Thread 16] DEBUG o.a.g.SourceCodewriter:55 - Generating class: com.chillax.softwareyard.fragment.SelfFragment_
01:47:20.522 [Daemon worker Thread 16] DEBUG o.a.g.SourceCodewriter:55 - Generating class: com.chillax.softwareyard.fragment.TableFragment_
01:47:20.531 [Daemon worker Thread 16] INFO  o.a.p.TimeStats:81 - Time measurements: [Whole Processing = 492 ms], [Generate Sources = 269 ms], [Process Annotations = 109 ms], [Extract Annotations = 33 ms], [Validate Annotations = 33 ms], [Find R Classes = 19 ms], [Extract Manifest = 14 ms], 
01:47:20.532 [Daemon worker Thread 16] INFO  o.a.AndroidAnnotationProcessor:122 - Finish processing
